# Bitnodes short version https://bitnodes.io/api/v1/snapshots/
# Time 1643081085
IP Address|Port|Protocol Version|User Agent|Connected Since|Height|Hostname|Country Code|ASN|Organization Name
267neb2l6w6xvl7skovbtqlinssgvs4re4tj3au34lmq3dkdrohrbtad.onion|8333|70016|/Satoshi:22.0.0/|1643080812|720272|None|None|TOR|Tor network
2d52ur74fpvf2mjmufqx3ixlpdbszgffxtye4awlx2vghudnbyj27zid.onion|8333|70016|/Satoshi:22.0.0/|1643080808|720272|None|None|TOR|Tor network
2mwfn42mgjm33dvl2ggxkuwxv253ynym47o7gx4h57qi4f3gajd3ltad.onion|8333|70016|/Satoshi:0.21.0/|1643080808|720272|None|None|TOR|Tor network
2n47ftslifgm34cydhpbd2wpkur45yrfauxz2yvbszzd5ylzus3swvqd.onion|8333|70016|/Satoshi:0.21.1/|1643080807|720272|None|None|TOR|Tor network
2pvskbn2b4ici4byhbmvrg5twspjzba2pd36yujf3aa4cx2nopctgtyd.onion|8333|70016|/Satoshi:0.21.2/|1643081045|720272|None|None|TOR|Tor network
2pyd6wa3mpurgeonqfgtr6jerqfuhzisrn4ouvkop66qxpfquyx4hrad.onion|8333|70016|/Satoshi:22.0.0/|1643080808|720272|None|None|TOR|Tor network
2taujhoz6dxopyelxhftwk5cw3lbkgxjwtxodwp7qdf55vk4k2zh6zqd.onion|8333|70016|/Satoshi:22.0.0/|1643080806|720272|None|None|TOR|Tor network
2uwz67xwuf375sjd6u5chxk4vq4oy6idfl4gqajy2vntgsvkzv7yt4id.onion|8333|70016|/Satoshi:0.21.1/|1643080809|720272|None|None|TOR|Tor network
2wlwxgv5sxs4l6lp.onion|8333|70015|/Satoshi:0.18.0/|1643080809|720272|None|None|TOR|Tor network
34n4dbv6ya2xj43uzqgetusvwa2fr7ewtrgnebpfrds7wnchj5yr4jid.onion|8333|70016|/Satoshi:22.0.0/|1643080809|720272|None|None|TOR|Tor network
35pwmp7w4hsghwcpe5enfkuqdbs3ll2kezuzodq6ypfbx4pkj7leyxqd.onion|8333|70016|/Satoshi:0.21.1/|1643080808|720272|None|None|TOR|Tor network
3h2peqno626evpniklqemlv2p6vzfommkovsag75p5w27y5ej4dfowqd.onion|8333|70016|/Satoshi:22.0.0/|1643080808|720272|None|None|TOR|Tor network
3ooznw7sadkdfpjdbimajo6quqh4oxitflvsww7iuizwsg3w5a25kbqd.onion|8333|70016|/Satoshi:22.0.0/|1643080808|720272|None|None|TOR|Tor network
3rhdt5yfryeg7ik4tcpqg3rjgig5sdcbbfs5mzz2q5c4yxhfn36mf3yd.onion|8333|70016|/Satoshi:22.0.0/|1643080808|720272|None|None|TOR|Tor network
3uozaeukbqyutdjav2qxxv7j4jys7i3es4gei4d5epo7zuurniarswad.onion|8333|70016|/Satoshi:0.21.1/|1643080807|720272|None|None|TOR|Tor network
3zskrczhwl46kotek2esj5euhj5jidc7fsi7li2o7rcs2kag5tvlthyd.onion|8333|70016|/Satoshi:0.21.0/|1643080809|720272|None|None|TOR|Tor network
45c7hyqqm4trwdhr.onion|8333|70015|/Satoshi:0.20.0/|1643080812|720272|None|None|TOR|Tor network
4htawdaz3upzkhdcxw77rht2yxrghic6dbdhbj37o443crzbfjm2c5yd.onion|8333|70016|/Satoshi:22.0.0/|1643081045|720272|None|None|TOR|Tor network
4ikbl2ruehx227m36kos4bprhtw2kmjqfhoos44tqgec7wjcounohpid.onion|8333|70016|/Satoshi:22.0.0/|1643080809|720272|None|None|TOR|Tor network
4ivvx2iklzfzbaiqnmkzniydioj3s2qjd5tsqj53zt54rre3ytq6khad.onion|8333|70016|/Satoshi:0.21.1/|1643080808|720272|None|None|TOR|Tor network
4oqx6vyuetq7tfvafox3krdgg6uzeyqah5wnme3cxwrafeucudf7f6id.onion|8333|70016|/Satoshi:22.0.0/|1643080811|720272|None|None|TOR|Tor network
4oxz5b3krc3mwea62d6hvpeszvi6idieztluoeb2zi66bskyhcysuoad.onion|8333|70016|/Satoshi:22.0.0/|1643080806|720272|None|None|TOR|Tor network
4rwuweqpdghnwehu6hxz2r3m6d7zhwkjjps32hgf4bm7bto3sbw7eeqd.onion|8333|70016|/Satoshi:22.0.0/|1643080808|720272|None|None|TOR|Tor network
4tgt7ruwlghf25khyzsnjyglpojf2qcvwfnhexk4f5whrowztkcmj3ad.onion|8333|70016|/Satoshi:0.21.1/|1643080808|720272|None|None|TOR|Tor network
4uir46y2rqquzuucpjy6ktozicw2csxh6ckypb4bkodqb4pd74erwlid.onion|8333|70016|/Satoshi:0.21.0/|1643080809|720272|None|None|TOR|Tor network
53irj6k4t4rrxdtcwfbdm7sdffcu74uh7im3o3xo5ipnvplizs35i2id.onion|8333|70016|/Satoshi:0.21.0/|1643080807|720272|None|None|TOR|Tor network
56mcitgmutaaw7qwf433fqkejuuchc7ixw6665lsxasqmrqdi7zq2tad.onion|8333|70016|/Satoshi:0.21.1/|1643080807|720272|None|None|TOR|Tor network
56mxyev7o7dnkg6htpeed2wmum6n6xlgysoe2gpio2pcljjonvcfccqd.onion|8333|70016|/Satoshi:0.21.1/|1643080807|720272|None|None|TOR|Tor network
5a245r57kxp7a6zgvgj77wkwi5cbqsebvcfteyjfc7ej62wscsyiqrad.onion|8333|70016|/Satoshi:22.0.0/|1643080848|720272|None|None|TOR|Tor network
5ebzvgmz7vstylepcexsdr3sn5p7ckyf6q4hpq7ohieaw5e2yo35nkyd.onion|8333|70016|/Satoshi:22.0.0/|1643080808|720272|None|None|TOR|Tor network
5fna4sjmxcpzmuzxwqhg6rfahvl7srhwrcnehz727ml4r43aa2vigwqd.onion|8333|70016|/Satoshi:22.0.0/|1643080815|720272|None|None|TOR|Tor network
6bzztwq7benp3oc2jkedchjyfj7jquv7zzhlbwkuvasropqppjnpinyd.onion|8333|70016|/Satoshi:22.0.0/|1643080807|720272|None|None|TOR|Tor network
6ez7wdxc7iugsbucq7h6h4ldpvejxtlyg77w7lpb32bjfndecru5xxid.onion|8333|70016|/Satoshi:0.21.1/|1643080808|720272|None|None|TOR|Tor network
6ressv4dvplb5ihh.onion|8333|70015|/Satoshi:0.20.1/|1643080813|720272|None|None|TOR|Tor network
6rgtm6gkgqafywxemsz5gbocxrxoc5r4yyqvzsmchp75mk3q32qt2eid.onion|8333|70016|/Satoshi:0.21.1/|1643080808|720272|None|None|TOR|Tor network
6yfjnmb7q3mgtyabcjh6tt5po7q6jr5zcpqs4jnpadqtaudknhfwlxad.onion|8333|70016|/Satoshi:22.0.0/|1643080807|720272|None|None|TOR|Tor network
6z6vyvif2rlrliokwruknkplrkcsso4xzi624oz2yloswqgfsuorkqyd.onion|8333|70016|/Satoshi:22.0.0/|1643080808|720272|None|None|TOR|Tor network
7a7hystbfkocvjgbvydiisugwknxrturt4hwqgxfypq5pcaygvq2isad.onion|8333|70016|/Satoshi:0.21.1/|1643080810|720272|None|None|TOR|Tor network
7fso37fogoqxoif6k6jokhbzkiyz3vpbjx6e3l54ukgtx3fxfanje6id.onion|8333|70016|/Satoshi:22.0.0/|1643080807|720272|None|None|TOR|Tor network
7kyugecyemwxrv54yd36j2t74xzjyvcvpv3jzljwbj7jtgrp7ewabbid.onion|8333|70016|/Satoshi:22.0.0/|1643080809|720272|None|None|TOR|Tor network
7ovcbslupqzgthggak5qmf4ptn3kngfp5przobyhfd3f2nd4qzgxbvyd.onion|8333|70016|/Satoshi:0.21.1/|1643080806|720272|None|None|TOR|Tor network
7pyt46lwaxsfseazbczi2qtnnetqftwxtlhkrrcwlmrvhsaptxnhwlad.onion|8333|70016|/Satoshi:22.0.0/|1643080805|720272|None|None|TOR|Tor network
7ycy5ixt52tsc323vm65a5qqqwt2wdquluqtjxvcm45vu5m6ksjk2uqd.onion|8333|70016|/Satoshi:22.0.0/|1643080807|720272|None|None|TOR|Tor network
a4nuna6aszbmmgkurdjlfuoaean7pqmjtrwkgtzkdf64l5c7qc76bqid.onion|8333|70016|/Satoshi:22.0.0(RoninDojo 1.13.0)/|1643080806|720272|None|None|TOR|Tor network
a5jx72kqqg7sgnxfkltbzearbq5gopfummfope6yxg4e4byajueioqqd.onion|8333|70016|/Satoshi:22.0.0/|1643080808|720272|None|None|TOR|Tor network
aetexfdyf3awzovcqthsselxmcozb4brbjshn2b5ivspihqauwnqawid.onion|8333|70016|/Satoshi:22.0.0(RoninDojo 1.12.1)/|1643080805|720272|None|None|TOR|Tor network
agpq5tzd2tlyqjpgksyat7ozrupnnbkc43mnmu4u7lkdnr7g4qre2lqd.onion|8333|70016|/Satoshi:22.0.0/|1643080808|720272|None|None|TOR|Tor network
aja5wqwrfxacg2ps6nmoftwo75lbciotis4xflqprmrr4mlr7vrc5fqd.onion|8333|70016|/Satoshi:0.21.1/|1643080824|720272|None|None|TOR|Tor network
avzaavbztisw4o5ohv44ij4ebtkcdzkk572hkhbaokgkj4bapdfde3yd.onion|8333|70016|/Satoshi:0.21.1/|1643080807|720272|None|None|TOR|Tor network
ayn6r4hvu32awg7mulgdu7swha3dhwcqsdsz7tdevbdzjflj3iuk6pyd.onion|8333|70016|/Satoshi:0.21.0/|1643080848|720272|None|None|TOR|Tor network
az6tz7n36wym4w46no4fxc5rmnnmirjqlamtuck5fqxiezyicmcarsqd.onion|8333|70016|/Satoshi:22.0.0/|1643080822|720272|None|None|TOR|Tor network
b5ajo6ffu6qrpmnfqvqziikllbomnqzag5hdqzrvzuu4qmpv66yzvxad.onion|8333|70016|/Satoshi:22.0.0/|1643080811|720272|None|None|TOR|Tor network
b66yyw2mjvhy75ofelrbukcgrgtfdndkdsjg74gmao33o4vmrzndhlad.onion|8333|70016|/Satoshi:22.0.0/|1643080807|720272|None|None|TOR|Tor network
bejqtnc64qttdempkczylydg7l3ordwugbdar7yqbndck53ukx7wnwad.onion|8333|70016|/Satoshi:22.0.0/|1643080810|720272|None|None|TOR|Tor network
bisiw5omzlhihwau5eineqbv2lwxbybopqww3vgadf62wx4qqq7pvkqd.onion|8333|70016|/Satoshi:22.0.0/|1643080807|720272|None|None|TOR|Tor network
buddhovmm6ctfzz6et6jul5amux34df6fqmbk5qush3xzmqo2vjvnvyd.onion|8333|70016|/Satoshi:22.0.0/|1643080806|720272|None|None|TOR|Tor network
bz6kzvylytfue65gnejorj6lev74gzhpovt2lyl55ogl476zv25tetqd.onion|8333|70016|/Satoshi:22.0.0/|1643081049|720272|None|None|TOR|Tor network
c6fx6wd5rckk4cxwyaupkjwjv244fj43gj4g5xun37swmjpxryjbmdqd.onion|8333|70016|/Satoshi:22.0.0/|1643080807|720272|None|None|TOR|Tor network
cnybpgq3n43o2vbcqj4xv54vsrgzg6smv5cxhhasbvfpaijviarxgvyd.onion|8333|70016|/Satoshi:0.21.0/|1643080807|720272|None|None|TOR|Tor network
ctakfml2dh5htnamgjknf4dyzri3libghnqlwc6cy2gsegxsctp5hhqd.onion|8333|70016|/Satoshi:22.0.0/|1643080807|720272|None|None|TOR|Tor network
cvhu3msvw3qndw3uwuefwd5o6ysmjbtmornggfjb224k7wr5ycoojlqd.onion|8333|70016|/Satoshi:22.0.0/|1643080810|720272|None|None|TOR|Tor network
cxrubk3mqkrqcdacnu2doyzje5skuittzdl5uei63pj5zwmpl42rs7ad.onion|8333|70016|/Satoshi:22.0.0/|1643080824|720272|None|None|TOR|Tor network
dd5q26gvsl4u4l3kt3kme5khjlseunojw5tsw7xx6v7opo7jzw37aeid.onion|8333|70016|/Satoshi:22.0.0/|1643080808|720272|None|None|TOR|Tor network
dduqydu3gkcgkgwelr63bnvrt5uher3odx7rkabl3l5yp72rt2vm2zad.onion|8333|70016|/Satoshi:22.0.0/|1643080807|720272|None|None|TOR|Tor network
dg2bnjxyevfl4ynj2vpy6lpm3wzaod6hghoa4kesusu3yx6qqdc3g7yd.onion|8333|70016|/Satoshi:22.0.0/|1643080807|720272|None|None|TOR|Tor network
dhpbt3mcvipj5hb7pno5qzdx4acixlmmuaonwmf4f7hdd3zoczahcsqd.onion|8333|70016|/Satoshi:0.21.1/|1643080808|720272|None|None|TOR|Tor network
dkl6hotcm3t3syxk.onion|8333|70015|/Satoshi:0.20.1/|1643080811|720272|None|None|TOR|Tor network
dm427ge6dks45ydedhw5zq6t3wqmhhy6mo3jxn55txelp4al34naleqd.onion|8333|70016|/Satoshi:0.21.1/|1643080807|720272|None|None|TOR|Tor network
dozyr5p7v33kqziyk6mejj2wouliffmmoahig37x6dmtyqyzhzdrpkqd.onion|8333|70016|/Satoshi:22.0.0/|1643080806|720272|None|None|TOR|Tor network
dr7wctxqhk6kincgv2z4c5edx5xljgof4jqoz3hbejid22mompak32id.onion|8333|70016|/Satoshi:22.0.0/|1643080809|720272|None|None|TOR|Tor network
dsfnaxzlneixscoajuv27q6olny4d76wqfjzfnjiiszwovrioxj63wqd.onion|8333|70016|/Satoshi:22.0.0/|1643080810|720272|None|None|TOR|Tor network
dsjrbs6qwajwlllwqcbnjxf2fdanwfmtb5ir2srzyksqeq3tyj4cnnyd.onion|8333|70016|/Satoshi:22.0.0/|1643080805|720272|None|None|TOR|Tor network
dxvkfjcfwq2zz6lk.onion|8333|70015|/Satoshi:0.20.1/|1643080808|720272|None|None|TOR|Tor network
dy6zqs46ycleayyp.onion|8333|70015|/Satoshi:0.17.1/|1643080808|720272|None|None|TOR|Tor network
ebm5idhwymvzfputgmmojjx5qvj3xmrsp24q4km5e7r3enqkw6mkrlqd.onion|8333|70016|/Satoshi:22.0.0/|1643080808|720272|None|None|TOR|Tor network
eebfo5fk3xzipldarvwyjsn2jchpl6calkine3gnvbrfyqkqndlnzhqd.onion|8333|70016|/Satoshi:0.21.0/|1643080806|720272|None|None|TOR|Tor network
ejh5i6vqy6ydpdu2ebt5ntuxhzxerbjfqi4zymxmvm6re2ysergvt7yd.onion|8333|70016|/Satoshi:0.21.0/|1643080805|720272|None|None|TOR|Tor network
ekvrhsab2zckt5qwlkktouq44huwdhaol4fhyoooo35xlek2bzlnqzyd.onion|8333|70016|/Satoshi:22.0.0/|1643080807|720272|None|None|TOR|Tor network
enph6ay6hchaygaelgogrkhot4eqcbxtmedg6ny7vhu6wwbf7jdsicid.onion|8333|70016|/Satoshi:22.0.0/|1643080808|720272|None|None|TOR|Tor network
epk2ff6jvgoh3ljutlf2rklmxrbpky2otrzkiitn4ggosgxqr4yf3tyd.onion|8333|70016|/Satoshi:22.0.0/|1643080809|720272|None|None|TOR|Tor network
eujxmbxlrtcba4cvxvhq5htgmld2aaqtch64m4ebcmqwgyqoyblczgqd.onion|8333|70016|/Satoshi:22.0.0/|1643080823|720272|None|None|TOR|Tor network
f3ji6yud2b67cc6dgpsi4kwt5vpnkzc2ythtly6riwvh2gap3ucvqgad.onion|8333|70016|/Satoshi:22.0.0/|1643080807|720272|None|None|TOR|Tor network
fcde6mc25vxihjyf6estalnhop4lgpyuzx5otvmergxutha4pcwgmlyd.onion|8333|70016|/Satoshi:0.21.1/|1643080807|720272|None|None|TOR|Tor network
fig6acrhnaqgi5bhczwtfu2lff3aryierm6wpikcd4fqnflzetwflhqd.onion|8333|70016|/Satoshi:22.0.0/|1643080808|720272|None|None|TOR|Tor network
finnrigm3idz6msdfrhr7irpd6za3gfud3isj36yneolhymhfxhkchid.onion|8333|70016|/Satoshi:0.21.1/|1643080808|720272|None|None|TOR|Tor network
fmydaamced4y6epa.onion|8333|70015|/Satoshi:0.20.1/|1643080807|720272|None|None|TOR|Tor network
fwndlfwb2ftmsjchfuhwi7szdwy64iildwig6l6wiicjxj5bfadyuhad.onion|8333|70016|/Satoshi:0.21.1/|1643080809|720272|None|None|TOR|Tor network
fy6p4m4vptn3cf3nfd2iusvxl5awzfxfwxce436l7pflq7fwbrkkmlyd.onion|8333|70016|/Satoshi:22.0.0/|1643080810|720272|None|None|TOR|Tor network
fykpqxr6vdi3i7ne4ylce2eqhmirz66a5hu6sxhqrqbw5qplucw3baad.onion|8333|70016|/Satoshi:22.0.0/|1643080807|720272|None|None|TOR|Tor network
ga3utpryipbqjuyjn5dstxyvtbz27at5qmoizmfdkec5qal43zudjmyd.onion|8333|70016|/Satoshi:22.0.0/|1643080810|720272|None|None|TOR|Tor network
ggpz6dsc6x3czefn2ljkxx2uetumizvmikkhinzoc4jarv6a4hcvq6qd.onion|8333|70016|/Satoshi:0.21.1/|1643080806|720272|None|None|TOR|Tor network
gondanmedok2poqicxjqgzhliders3pj6guvnkki6vgxoac3arw7chyd.onion|8333|70016|/Satoshi:22.0.0/|1643080808|720272|None|None|TOR|Tor network
gqecv2s4qexyvfyyv3qfrxhgcl4s6fmdotpnbid4aufkmg5gk7gtr2id.onion|8333|70016|/Satoshi:22.0.0/|1643080807|720272|None|None|TOR|Tor network
gtz2acudgc7ipiasnvkkpsmqtcfabk753q4fnp4qg2mkbyutzmz4zfad.onion|8333|70016|/Satoshi:0.21.1(Metalton)/|1643080809|720272|None|None|TOR|Tor network
gw6kpjrf55kaseipxzmxf6yh7ctgvxmv4cberappdkvu54faqgc2m6ad.onion|8333|70016|/Satoshi:22.0.0/|1643080809|720272|None|None|TOR|Tor network
gzkpd7oggzbc23zxsr4armwcilteipm37ftgjcmkuwgxhsv3f245xwyd.onion|8333|70016|/Satoshi:22.0.0/|1643080811|720272|None|None|TOR|Tor network
h36cdqbsupuvup5fz6wfm5bao3yccm3qhs4jsipwfvnekpnz7xl5dmad.onion|8333|70016|/Satoshi:0.21.1/|1643080807|720272|None|None|TOR|Tor network
hbhbn4lizoaptauemvsmqeocp7fviy5abovapy2yaxbgvuuwbvbezsqd.onion|8333|70016|/Satoshi:22.0.0/|1643080808|720272|None|None|TOR|Tor network
hdqdajuacpuoin6rdeftxnsfrifggsjpbvzcv6v5hdxv5y3hqm22qzid.onion|8333|70016|/Satoshi:0.21.1/|1643080807|720272|None|None|TOR|Tor network
hdtlj7btddgz2wkct52mmw7sw6sxqbluchaufdojbsfyl3nfkqvknzid.onion|8333|70016|/Satoshi:22.0.0/|1643080809|720272|None|None|TOR|Tor network
hmpqi24663mr4kzykpj5bfnhltd5qqblt55v6nsajcwuvqzmgekrjxyd.onion|8333|70016|/Satoshi:22.0.0/|1643080812|720272|None|None|TOR|Tor network
hoelf4nhuoqswlkkumgjlsdm52dc7xp32257ofd22cnome233avtknyd.onion|8333|70016|/Satoshi:22.0.0/|1643080809|720272|None|None|TOR|Tor network
hrwzdmeayalbxvlf45y3ewemngag47fx6zyvnmeg6cbgvbsp5ontcryd.onion|8333|70016|/Satoshi:0.21.1/|1643080809|720272|None|None|TOR|Tor network
hsrqw4wmdbdwhcyogm6ytl76w33fhcx3qtf4ke6tfontww34fjqkzxid.onion|8333|70016|/Satoshi:22.0.0/Knots:20211108/|1643080809|720272|None|None|TOR|Tor network
i44mkvlqjwo54lin66qvf52uudxpon4t5atrno3hu25iifblcgsaefad.onion|8333|70016|/Satoshi:22.0.0/|1643080810|720272|None|None|TOR|Tor network
i553xq6gmdkk7mlkp6ahq63574sxvdlbm3fxwke4en5da4vqgpxe4xyd.onion|8333|70016|/Satoshi:22.0.0/|1643080808|720272|None|None|TOR|Tor network
iaczprhoaqdgbl5ohibrkjwnmvntunlk74y22jzxyarbhuliw66wcwid.onion|8333|70016|/Satoshi:22.0.0/|1643080808|720272|None|None|TOR|Tor network
ibl4vd3oroohjnqbfifnvzmqe3wx4ndvbt6rwrjlq5dnw5gfrox7diid.onion|8333|70016|/Satoshi:22.0.0/|1643080809|720272|None|None|TOR|Tor network
idr3porur7vgsqrhtq7smol6f7picfznbgsp7h7r67suadt6aucxwuad.onion|8333|70016|/Satoshi:22.0.0/|1643080807|720272|None|None|TOR|Tor network
igr7x77ksndb6wjv.onion|8333|70015|/Satoshi:0.20.1/|1643080808|720272|None|None|TOR|Tor network
is2o2qxt5legjgudcz4vpvthcoaxj2jvdvh6257q46z5dbnjc2fd2hyd.onion|8333|70016|/Satoshi:22.0.0/|1643080807|720272|None|None|TOR|Tor network
isngmjqqz23x3x766i5cak5unpbnvlnp7gnlgte2qx3qkp3cxolztuid.onion|8333|70016|/Satoshi:22.0.0/|1643081044|720272|None|None|TOR|Tor network
itlds537psvmz2cwnkv6nnnpaifemi2igl7ox5tk4qdacp56oyn4gvid.onion|8333|70016|/Satoshi:0.21.1/|1643080807|720272|None|None|TOR|Tor network
j3rntzdr6yhcv5eekvoyzmzvll7oqunk2lshk4varwdceyiia4ghtrad.onion|8333|70016|/Satoshi:22.0.0/|1643080809|720272|None|None|TOR|Tor network
j5ejtre5i4yfjkutdmdmvj7pjp6hxn5zsdbrpy45p2w6es76lnokaoid.onion|8333|70016|/Satoshi:0.21.1/|1643080807|720272|None|None|TOR|Tor network
jarck3epr52cdrsqdfshizojm446dhjjkhz6s2jcuga2qft74d63wsid.onion|8333|70016|/Satoshi:22.0.0/|1643080805|720272|None|None|TOR|Tor network
jcjoqsq73c3p6keigqrmnzmkwtde3ujwmqnbrl45nnvazkmjevrncsad.onion|8333|70016|/Satoshi:22.0.0/|1643080808|720272|None|None|TOR|Tor network
jefxbqhwhijsmxz4iczf4mqo2idlwycvngzmoebkdn6zu42jg2smymid.onion|8333|70016|/Satoshi:22.0.0/|1643080808|720272|None|None|TOR|Tor network
jic6e7hvd5qeozpfgq6zip6ds2hhwzmbp3as3kpuoulajdagjyp6hrqd.onion|8333|70016|/Satoshi:22.0.0/|1643080808|720272|None|None|TOR|Tor network
jl44kr7qpxhqwd3kx67i6ntx2kn35c32cqtrqmmxljn3zh2zdlx2o7qd.onion|8333|70016|/Satoshi:22.0.0/|1643080807|720272|None|None|TOR|Tor network
jqrso2m6lit2f3jxhtsp22wbsg3dzkfdel7xbzsndbm42gowyjwentqd.onion|8333|70016|/Satoshi:22.0.0/|1643080811|720272|None|None|TOR|Tor network
jtv4an73qvyek6bdrm5xtzbakkls6rdtzkx7i5urf2gx63y5vizbg3ad.onion|8333|70016|/Satoshi:0.21.1/|1643080805|720272|None|None|TOR|Tor network
kg2rganqxh5nbxi55zze3dgee4ahu4id7xt3k6gemjum6shhjyqrgyyd.onion|8333|70016|/Satoshi:0.21.0/|1643080808|720272|None|None|TOR|Tor network
khshliqsvdwgvzvlxtm2dultwogmzeusxiwcjd4ysuv45ql3qjy5d6qd.onion|8333|70016|/Satoshi:22.0.0/|1643080808|720272|None|None|TOR|Tor network
kph7bkt2f2zdkwjp.onion|8333|70015|/Satoshi:0.18.1/|1643080813|720272|None|None|TOR|Tor network
ksr44oeydqvv2klffyfrtz6u5k6wnguowq3z5qzcmlrn7p3iukacccqd.onion|8333|70016|/Satoshi:22.0.0/|1643080809|720272|None|None|TOR|Tor network
kzstsu63mtmta7hjyor3howl2yeucvqprqhqdeniwm3jkyztwvddsmad.onion|8333|70016|/Satoshi:0.21.1/|1643080808|720272|None|None|TOR|Tor network
l4fcsiixbk74xufeq5gbgbdwc543mgxfye5efk2xtfov4yyjpb5nvjad.onion|8333|70016|/Satoshi:22.0.0/|1643080807|720272|None|None|TOR|Tor network
laspnb6qrp5ofas6ysjjdqopgvtr6y2mt3omdtv6gcyw4wq6wqw5nlqd.onion|8333|70016|/Satoshi:22.0.0/|1643080806|720272|None|None|TOR|Tor network
lgbbn7oprv5mxqeq.onion|8333|70015|/Satoshi:0.20.0/|1643080811|720272|None|None|TOR|Tor network
lgpytycutdtwdzks24jdbt4brbfu23ow2zc2hlnlrskst4z2fm7jygyd.onion|8333|70016|/Satoshi:22.0.0/|1643080809|720272|None|None|TOR|Tor network
lo73d5edy2xk4aiw2dzzubdc37hulznnhm7xtorxruzd5tkdejul56id.onion|8333|70016|/Satoshi:22.0.0/|1643080807|720272|None|None|TOR|Tor network
lqqemg5de4q2sjehoansde6xsffxwrilh56imx5jnl6dzlnve36ih2yd.onion|8333|70016|/Satoshi:0.21.1/|1643080812|720272|None|None|TOR|Tor network
lsctrewpgwp362y7o4hdlipkc7zuke2bnj4wn7r6fu7ufcawatq2kdad.onion|8333|70016|/Satoshi:0.21.1/|1643080814|720272|None|None|TOR|Tor network
lui64azatohnpcqe.onion|8333|70015|/Satoshi:0.20.0/|1643080809|720272|None|None|TOR|Tor network
lumehflpndixdwc7g5fhoe7qmctcjdla4r44p6bejrngrfnaevqw5tad.onion|8333|70016|/Satoshi:22.0.0/|1643081044|720272|None|None|TOR|Tor network
m3wmhvpxymin47r6fepscfio73vctg4iqcqe7mbowtwzaa3wy4sh62yd.onion|8333|70016|/Satoshi:0.21.0/|1643080806|720272|None|None|TOR|Tor network
m4qexvcz7jiirp2bhjfppuxgpjbtipm7rckdnu6imk7rai5wa5mgevyd.onion|8333|70016|/Satoshi:22.0.0/|1643080804|720272|None|None|TOR|Tor network
mdocx3nnent27uhp.onion|8333|70015|/Satoshi:0.19.1/|1643080809|720272|None|None|TOR|Tor network
mfhv6jwob7xixveo6zubgblcntpniqoamovila4a3yc2g36z4iam2nqd.onion|8333|70016|/Satoshi:0.21.1/|1643080805|720272|None|None|TOR|Tor network
miovqmgptymjczwc7umnxhszxsnr7oezc2dkbc2fzywawfrsmrpc6dqd.onion|8333|70016|/Satoshi:22.0.0/|1643080809|720272|None|None|TOR|Tor network
mjqualknbrd7xs35ya6q3yunigz5hgphqf57xad3avklu3lnzforoqyd.onion|8333|70016|/Satoshi:22.0.0/|1643080808|720272|None|None|TOR|Tor network
mjvayjhll7z4gfra5udkb3msi4ib3po4qtw35sabiprm7fco2dvl7ayd.onion|8333|70016|/Satoshi:22.0.0/|1643080807|720272|None|None|TOR|Tor network
mrfnypx5i5u65dxbqkefmeymp3rva5siqz45brraab7llrlb37svvaid.onion|8333|70016|/Satoshi:0.21.1/|1643080808|720272|None|None|TOR|Tor network
mxhg44hdxjvcfhwd2raxfyoioaoggr7nec34etujl46d425iu6pfcbyd.onion|8333|70016|/Satoshi:22.0.0/|1643080811|720272|None|None|TOR|Tor network
ngcakpdlci574lnqer4ih2htf2vt5vidhykoth6ouack5eafgznlhbad.onion|8333|70016|/Satoshi:0.21.0/|1643080808|720272|None|None|TOR|Tor network
nlvdhrzuphalgbehqhqf3x5ojpp5svupi3zhfhiymbggdp7g7jb5ysad.onion|8333|70016|/Satoshi:22.0.0/|1643080811|720272|None|None|TOR|Tor network
o2yjdgjvohkf5knjtluvfekdqtgojh5yry2sy2j7mff7ncng32fd54id.onion|8333|70016|/Satoshi:22.0.0/|1643080809|720272|None|None|TOR|Tor network
o4qxf7bcwo5sb2qk.onion|8333|70015|/Satoshi:0.20.1/|1643080810|720272|None|None|TOR|Tor network
onip66toucquuj7g2gjqu5aya57a2crpnukmkha3i6ncmpflepkmgfad.onion|8333|70016|/Satoshi:0.21.1/|1643080811|720272|None|None|TOR|Tor network
onsexvuejmvhe6veojjosc6fe74wy77po2vgminktbkqpffevaqa56ad.onion|8333|70016|/Satoshi:22.0.0/|1643080809|720272|None|None|TOR|Tor network
oo2lno3czsysn3mpjhshti4fowcjgpufeyqole2oztwbdxkhlhmgptid.onion|8333|70016|/Satoshi:22.0.0/|1643080819|720272|None|None|TOR|Tor network
orephwkjxkl2ism4yomduhvye2yp3woofhueh4pu6tvkcxpiwh5gozqd.onion|8333|70016|/Satoshi:0.21.0/|1643080807|720272|None|None|TOR|Tor network
pchb4rmn3rwaxvoszj4poz2jsdgkc3n56la5phfelv6wv54xs57v2byd.onion|8333|70016|/Satoshi:22.0.0/|1643080810|720272|None|None|TOR|Tor network
phksvxdrsjgatmienbir4sc3uwqclgc5hiddvswr2ba5vszficpruxid.onion|8333|70016|/Satoshi:22.0.0/|1643080807|720272|None|None|TOR|Tor network
pilfcyucog7nqfylb7nbyz2tyg3vcpqiogyinv7bjixapgipujnnl3qd.onion|8333|70016|/Satoshi:0.21.0/|1643080806|720272|None|None|TOR|Tor network
plw664l23ydd4bgs6rh4cgaltggxyxyhheisqitcfwa6fjlvwzzvvtid.onion|8333|70016|/Satoshi:22.0.0/|1643080813|720272|None|None|TOR|Tor network
pmm4tyjnc67zzjtp.onion|8333|70015|/Satoshi:0.20.1/|1643080815|720272|None|None|TOR|Tor network
ptggdnqqcvnrhexxt2iof4ial4sjiicefwx3hzod5r3asa5sjo2eb2qd.onion|8333|70016|/Satoshi:0.21.0/|1643080813|720272|None|None|TOR|Tor network
pz2viwljpy6mq5dfybwcptfkdvdreladaahiemfvlp3q22nzi4o3jcid.onion|8333|70016|/Satoshi:22.0.0/|1643080807|720272|None|None|TOR|Tor network
q4henplxdxtvdibjss7aa34fmfu2tyixedfwyhtpq5iwedcjnqzwemqd.onion|8333|70016|/Satoshi:22.0.0/|1643080808|720272|None|None|TOR|Tor network
q5ntkhwapv2xabjio6zy7q6eyw55h2c4yxgcky5sr6wgd6bdjswqosid.onion|8333|70016|/Satoshi:22.0.0/|1643080822|720272|None|None|TOR|Tor network
qampjwyo4ek6nhojn4wsvhe7szxvgibzsnq77ph2knubj42usuuttayd.onion|8333|70016|/Satoshi:22.0.0/|1643080808|720272|None|None|TOR|Tor network
qos42ngoxjp3dzhtxkcbzk2qmwkv3ambe26hcjkn76moqrz4cgp7t7qd.onion|8333|70016|/Satoshi:22.0.0/|1643081046|720272|None|None|TOR|Tor network
qxqwujvpd24afmdc4g53ylfzq4vhuroejvajq7amlecvapc7isuqfead.onion|8333|70016|/Satoshi:0.21.0/|1643080807|720272|None|None|TOR|Tor network
qzqw6dgef7ddmj4p5xdwsigcnn64sdzuu55icptwbtfzppchcozjvmyd.onion|8333|70016|/Satoshi:22.0.0/|1643080808|720272|None|None|TOR|Tor network
r6cp2ybuaeyxmae52exmsxzsgywmtfh7dyzx3cvc2zmqfh56qaf76wid.onion|8333|70016|/Satoshi:22.0.0/|1643080805|720272|None|None|TOR|Tor network
rid6u43z72uci7m3nddoe4czwb6llsk3q6h6eirs5j54t3yxelc5jnid.onion|8333|70016|/Satoshi:22.0.0/|1643080808|720272|None|None|TOR|Tor network
rj7bju2n5o2cgl6k.onion|8333|70015|/Satoshi:0.20.1/|1643081043|720272|None|None|TOR|Tor network
rojpqwwvplqgvwt5nse5d2zhfcpbnypzsxxbofv2fnilkbuzrw74cxad.onion|8333|70016|/Satoshi:22.0.0/|1643080808|720272|None|None|TOR|Tor network
roqwnmepcj453vfh.onion|8333|70015|/Satoshi:0.19.1/|1643080807|720272|None|None|TOR|Tor network
rzokiynqkafq2nc5.onion|8333|70015|/Satoshi:0.20.0/|1643080808|720272|None|None|TOR|Tor network
sfn5w3nta3y3iezghyb42pxssemlfn3t5ccpv7rapggn2bcqoezsa3id.onion|8333|70016|/Satoshi:22.0.0/|1643080841|720272|None|None|TOR|Tor network
sjc5n4upqlxqsiryemolaq7g2ddi4nkoyji7gcblktm2hqishxzgagqd.onion|8333|70016|/Satoshi:0.21.0/|1643080823|720272|None|None|TOR|Tor network
slkkqyudts2tk5mdpgvreahuuck5kpjexmhyzss7mjgq6ggjarmar7yd.onion|8333|70016|/Satoshi:22.0.0/|1643080809|720272|None|None|TOR|Tor network
sm7kcqkn632ilkrp3wssmgjzdxd5ggdr7456dnehbith52yr4iw273qd.onion|8333|70016|/Satoshi:22.0.0/|1643080808|720272|None|None|TOR|Tor network
ssq6ht6kkscozxa7.onion|8333|70015|/Satoshi:0.20.0/|1643080811|720272|None|None|TOR|Tor network
suhom4dqklxvor6jcmznivigbps3yxvyxnniqv53otruigqqspdotfqd.onion|8333|70016|/Satoshi:22.0.0/|1643080808|720272|None|None|TOR|Tor network
t2thr46jg7wga5ng.onion|8333|70015|/Satoshi:0.17.1/|1643080806|720272|None|None|TOR|Tor network
t4akw3h42nurvqr6532ghiouuto7doxy6lkhitxtslk5h5k63jcrzdad.onion|8333|70016|/Satoshi:22.0.0/|1643080808|720272|None|None|TOR|Tor network
tatf7235yhqvyillsuxhuzoyvq2vrq3gfjkw2op7oopjvglgafovloqd.onion|8333|70016|/Satoshi:0.21.0/|1643080813|720272|None|None|TOR|Tor network
tcdxrnh2kadzmrsgwcprj237ecu2otztijspihij5fininlmu3ihsfid.onion|8333|70016|/Satoshi:22.0.0/|1643080807|720272|None|None|TOR|Tor network
td3rsdh65yhgccsc7twcvreth2pyiotpu57f5f2zculxdw4kjb6x6qyd.onion|8333|70016|/Satoshi:22.0.0/|1643080816|720272|None|None|TOR|Tor network
tdcmaojir3c4or2juak7rj5vozbct3rgjcmhglmyegpymulg5gehhmid.onion|8333|70016|/Satoshi:22.0.0/|1643080810|720272|None|None|TOR|Tor network
tgncr4a6peopl4loxih3lqsb4w5hlqbysimpac7uexxgtzpr24jvowyd.onion|8333|70016|/Satoshi:0.21.1/|1643080808|720272|None|None|TOR|Tor network
tpfknkilbk4trgq2tvatadw3u3hwanlr2atta3mdpj6l4drq5unqtjid.onion|8333|70016|/Satoshi:22.0.0/|1643080808|720272|None|None|TOR|Tor network
tqffl5liyqdjmlmwwpi2dzzafzubacp4exozdnd4cvmkcoiiyar2puyd.onion|8333|70016|/Satoshi:22.0.0/|1643080811|720272|None|None|TOR|Tor network
tt2khr6hcvy6rww5hbt7ivtvm4ucuxkn6u3aquzrbeht556qdaacdgad.onion|8333|70016|/Satoshi:22.0.0/|1643080812|720272|None|None|TOR|Tor network
u2hwp2rh5x3hcrm3ugbqwpusafs2un7f4hxgd4icweyke6lker7fyzad.onion|8333|70016|/Satoshi:22.0.0/|1643080809|720272|None|None|TOR|Tor network
u3ra6qjkpbeij6nq3fsnfprtcecginbj22fg5mab7ev35y4nexpl2jyd.onion|8333|70016|/Satoshi:22.0.0/|1643080806|720272|None|None|TOR|Tor network
u6kayrhdzlbue4m6f5qcyn2trizikdupluzcc2dtg3avv2xfwcxiq7id.onion|8333|70016|/Satoshi:0.21.1/|1643080812|720272|None|None|TOR|Tor network
uly5b7hl7udurvq2j3us5vqprgji2twtrzc7x5uxvxjs4jb2yjjchqyd.onion|8333|70016|/Satoshi:0.21.0/|1643080806|720272|None|None|TOR|Tor network
uns46i5irxy4tdnpkmivi2ybl7fbu6yrvz5koiah2hnjlqisyqz22vid.onion|8333|70016|/Satoshi:0.21.1/|1643080808|720272|None|None|TOR|Tor network
va2mdp4m5b2uuwpf63uvcdro55n2spevmhpnxsiagnni3rw4fqk63dyd.onion|8333|70016|/Satoshi:22.0.0/|1643080808|720272|None|None|TOR|Tor network
vcdey7s5frexcfpezdfjfkmpm5dncw3jgt5n5jawd3onbstkxsezfuad.onion|8333|70016|/Satoshi:22.0.0/|1643080807|720272|None|None|TOR|Tor network
vhxwy44em4d7q2b4bcfupjkjtuk5s6trfoxg6ispy4hpkyi5nczg4hqd.onion|8333|70016|/Satoshi:0.21.0/|1643080807|720272|None|None|TOR|Tor network
vljmcrjwao7lqnpziyqw57677eqcissdhyjfxlwlwwwl3nprgjtygtqd.onion|8333|70016|/Satoshi:22.0.0/|1643080809|720272|None|None|TOR|Tor network
vmgc6ebk2ecxhndsbutp3wbe4vrwe2pcqnwkvtwov2gmiabiu4qlieqd.onion|8333|70016|/Satoshi:0.21.1/|1643081045|720272|None|None|TOR|Tor network
vmraflluatj3x76lttwiku7sqenj4tnmnqz2upzid3ksggeuc4vtkpyd.onion|8333|70016|/Satoshi:0.21.1/|1643080809|720272|None|None|TOR|Tor network
vruh4qkh7harg4rgctky7u4lllnjiete7xknglhhkotqs3o4cfpeivqd.onion|8333|70016|/Satoshi:22.0.0/|1643080807|720272|None|None|TOR|Tor network
vv7pbct22ssmz5lbqiobwhztt3adjgaux6im2nappchzmx4l662hxlid.onion|8333|70016|/Satoshi:22.0.0/|1643080810|720272|None|None|TOR|Tor network
vxqcakxcdu7vxiyxshxvdj5jqh6neujd6nfeq66yc6bogvwd4tkhgdyd.onion|8333|70016|/Satoshi:22.0.0/|1643080807|720272|None|None|TOR|Tor network
w2us6wymfscajdxzarksqhrf6zmzb46s4smj2hnsjfszk3izcmwvnqad.onion|8333|70016|/Satoshi:0.21.0/|1643080812|720272|None|None|TOR|Tor network
w4htmqpi54ijrxdd.onion|8333|70015|/Satoshi:0.20.0/|1643080810|720272|None|None|TOR|Tor network
w7ndyizeikqp5poa2shicrrv4p3f3j2wifv7blsyu77jerc7fbn6glqd.onion|8333|70016|/Satoshi:22.0.0/|1643080810|720272|None|None|TOR|Tor network
wc6serg7mi2aitvuobo3ilxnc4cibjjmyk2yxnty2nmr4cwtihj3mqqd.onion|8333|70016|/Satoshi:22.0.0/|1643080808|720272|None|None|TOR|Tor network
wfw7bismjdpmx2rerkrmkwvpt25pj527xajbxenulendg2nzcktcv7ad.onion|8333|70016|/Satoshi:22.0.0/|1643080806|720272|None|None|TOR|Tor network
wgabqqtd6ckub6c6ebqtfrfpxobtple4wbwkf7qolhsnz4bag2cyrzad.onion|8333|70016|/Satoshi:22.0.0/|1643080806|720272|None|None|TOR|Tor network
wjjj5nzgd6gy6ets.onion|8333|70015|/Satoshi:0.20.0/|1643080810|720272|None|None|TOR|Tor network
wnkal4vdsj7akw5gmgpsgcv2im7oik7u5t77e3ql72wv4q5fjmfvncyd.onion|8333|70016|/Satoshi:22.0.0/|1643080809|720272|None|None|TOR|Tor network
wnmbgfln75psle6wxmbe7g7uumnoteh6flztl4botzamu2jk3mq4zsad.onion|8333|70016|/Satoshi:22.0.0/|1643080807|720272|None|None|TOR|Tor network
wtv4bnprkbzo7jqliiupb5ugqufhgyjnh6cxhpvw7mckuadfrqyhbbad.onion|8333|70016|/Satoshi:22.0.0/|1643080807|720272|None|None|TOR|Tor network
wxheniw7sezhs5za.onion|8333|70015|/Satoshi:0.17.1/|1643080809|720272|None|None|TOR|Tor network
x2nqezv7zbvfyvljtxzr4qbw3avbaet4b4z6dz6ovxannhwwquys3mid.onion|8333|70016|/Satoshi:22.0.0/|1643080807|720272|None|None|TOR|Tor network
x5x6dco77gicdhrmgrhxgavyirwm4kkqkqo675bwn4e2u6f7avb5v7id.onion|8333|70016|/Satoshi:22.0.0/|1643080808|720272|None|None|TOR|Tor network
xaubzksmyz57b6qt4uoakg4t6qijpkiwipgilbv3a6tssw7fsilye3qd.onion|8333|70016|/Satoshi:22.0.0/|1643080809|720272|None|None|TOR|Tor network
xpbds5jpuvxybao7ve6c7pf7p425wvbvzwhsrfdhvx7kyxgjrgg2rhqd.onion|8333|70016|/Satoshi:0.21.1/|1643080810|720272|None|None|TOR|Tor network
xv3sk5grusaiqoms6wzttayvuymjpandpusop4ip6pzn4ys7w4zmpxad.onion|8333|70016|/Satoshi:0.21.1/|1643080807|720272|None|None|TOR|Tor network
xvbdrtvavavnpr5abjkgjc5datykofve3s62ewc3pre5jzqcsw526fyd.onion|8333|70016|/Satoshi:22.0.0/|1643080820|720272|None|None|TOR|Tor network
xxlqm6wpmyuztho3z4yqpiczwhyryjize7wqgejmo26txrmrgltloaid.onion|8333|70016|/Satoshi:0.21.1/|1643080807|720272|None|None|TOR|Tor network
ybweyh5gyaljwgmwwrydpbvan5q2vuvolixhd5qpy2hu4gcexg6qp5yd.onion|8333|70016|/Satoshi:0.21.1/|1643080810|720272|None|None|TOR|Tor network
ylblnrd2jnfjtustl6yt6pix4mgqr5qqoevunmwk32e6fxq6uj3dchqd.onion|8333|70016|/Satoshi:22.0.0/|1643080807|720272|None|None|TOR|Tor network
yotjsfwvpfmzycu6mziiwtwh6rvzjjraw3je77p2x5jb2gakkrbgmoyd.onion|8333|70016|/Satoshi:0.21.0/|1643081044|720272|None|None|TOR|Tor network
yvbl7qlktaxwggiyp4lu46ksod3okuvhthn7ogvng6gw5pbhkzhlgeqd.onion|8333|70016|/Satoshi:0.21.0/|1643080812|720272|None|None|TOR|Tor network
yw6yct3tud3ebsgshbooelrrrmuk3rc435xnyk6y3wyyieigypptvdyd.onion|8333|70016|/Satoshi:0.21.1/|1643080809|720272|None|None|TOR|Tor network
z6q2cz72kagrzszow7vg2lrzzydky6oexkpiq4tahipjxjaafpszyzqd.onion|8333|70016|/Satoshi:22.0.0/|1643080807|720272|None|None|TOR|Tor network
zescrffoxso4m7jdvyd2bbwgij6nyn5vcqxvwxcc2by77pt32tontoyd.onion|8333|70016|/Satoshi:22.0.0/|1643080806|720272|None|None|TOR|Tor network
zhapnpxpk3lmrfsmhluytttodeosmie7yabywa3aaxmtkreh2lmeemqd.onion|8333|70016|/Satoshi:22.0.0/|1643080807|720272|None|None|TOR|Tor network
zm36o73id52g74lc6qxapfilgnk7fexym4djn3t7l64uet7om6mmjgyd.onion|8333|70016|/Satoshi:22.0.0/|1643080808|720272|None|None|TOR|Tor network
zqnhkcetezychfvvo27bo2de33zrsp4jw6qgouvooyndod7ypknmhoad.onion|8333|70016|/Satoshi:0.21.0/|1643080812|720272|None|None|TOR|Tor network
ztdnopln5tcoxxgks344wgrwhe2tvlrup7bna4v72w4wwzn5uxax4dad.onion|8333|70016|/Satoshi:0.21.1/|1643080823|720272|None|None|TOR|Tor network
zxd6atofduj2uwxs6wtoshswjbrlv5na7xxytsa5zu26xoalthulsbid.onion|8333|70016|/Satoshi:0.21.1/|1643080809|720272|None|None|TOR|Tor network
