# https://chainz.cryptoid.info/ and whois results
# DeepOnion
IP Address|Subver|Version|ASN|BGP Prefix|CC|Registry|Allocated|AS Name
2luwlwmacunkq2mcrd4nsfdc5gzeyirhpq2yyy3urd6zxs5k6s7aywyd.onion|/DeepOnionCore:2.3.2/|80019||||||
2ohkw24inl7go37zfbrnv2fl5ic634spl5ol2vld5maop63fl5l7iwqd.onion|/DeepOnionCore:2.3.2/|80019||||||
43lqs23ikfltpcl5qt566bik764mgwn27jnldh4kfeoniqldssky3cqd.onion|/DeepOnionCore:2.3.2/|80019||||||
4wgh3b3yclzuv52wz5fodkv67lhiypauf5uh33h6in3m5ygx74x64xqd.onion|/DeepOnionCore:2.3.2/|80019||||||
52atg55ry3wmxw5reyhdvmarqyzzdoh3p3yvwtlexxodqsudlwyzb3ad.onion|/DeepOnionCore:2.3.2/|80019||||||
5brjhmycceihkmwyvcpci5tkikpreafjpmzqwz62sy2rrfnjjtartcyd.onion|/DeepOnionCore:2.3.2/|80019||||||
67zptsmxbkozdx746pzpd62kk53up7wmb6ndfeoh44xpufvssba7boqd.onion|/DeepOnionCore:2.3.2/|80019||||||
6ydhfkuihgp6hcma4e7qhctyck7a2lgxk77dl3iaacstkkhl7unqp7qd.onion|/DeepOnionCore:2.3.2/|80019||||||
7kuqil3chmztiab75be44pl7gr7rywitrubpfws6yvkrviveniuiayid.onion|/DeepOnionCore:2.3.0.1/|80018||||||
7l2hvyfvfnpbhnupsrvz6th7gbmobkbed3uijaxv3nx5hsr7ckp2ssqd.onion|/DeepOnionCore:2.3.2/|80019||||||
afiywfi6ybcrenuicqoldudh2lcsrsz2t5ausc6ijffy5j3ksxwnreqd.onion|/DeepOnionCore:2.3.2/|80019||||||
asfp67fkjfneuk6qp23o7ixlascfd3qin7uav2xxsphe2omc3t3gtmad.onion|/DeepOnionCore:2.3.2/|80019||||||
cmi5jeupfchoxeqz6voawd2f2s3ur6dwuqcchi2s2r42ullwt35ln4id.onion|/DeepOnionCore:2.3.2/|80019||||||
cxb7nrkxgmrnqtcp743rroxr4fvzpc6tdx3xdhbexak6lzhcpnslmqqd.onion|/DeepOnionCore:2.3.2/|80019||||||
da5vod5t5hog5m4vcqjcdyicbsg3rwdejxb52odpdsmbhlop45jmrwid.onion|/DeepOnionCore:2.3.2/|80019||||||
felspwiop2jq7pbgyopm7r4k7iqvilwzoazhbxcpg6hovkqprvdiraad.onion|/DeepOnionCore:2.3.2/|80019||||||
gbmzl7mn3ia7nxdibbfzi6y3iznordyx32shia7hbyzplsadbnmrgbid.onion|/DeepOnionCore:2.3.2/|80019||||||
jpmagg7435arkzyik2mbxwemviv3grsnlqmszho2wnsrkwpswrx2ndqd.onion|/DeepOnionCore:2.3.2/|80019||||||
jwk7zafb7wmdnmaqehnw6t64yllb7ntxr6kzodtywe5x5jcngi6vknyd.onion|/DeepOnionCore:2.3.2/|80019||||||
k36oi4drfoh726qbrj2bswgd6zmlsxiirzmn5ib5jdkuxym3knopoeqd.onion|/DeepOnionCore:2.3.1/|80019||||||
k36oi4drfoh726qbrj2bswgd6zmlsxiirzmn5ib5jdkuxym3knopoeqd.onion|/DeepOnionCore:2.3.1/|80018||||||
k6fqykeklavxseqhvgcxgvgrv5rwy4ipdpfaxgqinfu4ghct2gusn5qd.onion|/DeepOnionCore:2.3.1/|80019||||||
k6fqykeklavxseqhvgcxgvgrv5rwy4ipdpfaxgqinfu4ghct2gusn5qd.onion|/DeepOnionCore:2.3.1/|80018||||||
lj2zzruj2sdghouotbevrknjxktd2xz2tvxj5nzx6sdd6vmm7ppyq7id.onion|/DeepOnionCore:2.3.2/|80019||||||
ln2wzkn6dwvhdaql2bbpx2bvz2rygipc2puzy2qmw2f6aci5vixu3aid.onion|/DeepOnionCore:2.3.1/|80019||||||
ln2wzkn6dwvhdaql2bbpx2bvz2rygipc2puzy2qmw2f6aci5vixu3aid.onion|/DeepOnionCore:2.3.1/|80018||||||
m4xw5lh3xydlaspape2kjyalfnv7btdgrerkbkv5ldfln3agt4u435yd.onion|/DeepOnionCore:2.3.0.1/|80018||||||
mdnumplqlwx3a3zjom3mgpwt5ntkzeukvgu6dblj3fvy6pixglw5dbyd.onion|/DeepOnionCore:2.3.0.1/|80018||||||
nn4w7wp5g7k6qm5fd3ggn6mixzga7o2k6egglvklcc5d65hrfpwuzdid.onion|/DeepOnionCore:2.3.2/|80019||||||
pcjjmt7pqxhw7xthsfr2ce5vlnq3fbqb6oqzlmplr322xgjlh35ciyad.onion|/DeepOnionCore:2.3.0.1/|80018||||||
pgr2jcc4snyozdd5ulwbbrdvm5pqz5kbk7nxjxt6tmdtwbp4l2o7uwid.onion|/DeepOnionCore:2.3.2/|80019||||||
tv2ubga2omcigi4x46sc7nwcncy5bbprotwhwrleuzptbwqx2owjyrid.onion|/DeepOnionCore:2.3.1/|80019||||||
tv2ubga2omcigi4x46sc7nwcncy5bbprotwhwrleuzptbwqx2owjyrid.onion|/DeepOnionCore:2.3.1/|80018||||||
u7jayc7kzbd4juegjqyxdynw726et4536yocwoaafnmggnx3jefvg7id.onion|/DeepOnionCore:2.3.0.1/|80018||||||
wyughnuglsxvun7jnoxil74pzsshcbt5gwurecalw3tyeqsx5dvjgyyd.onion|/DeepOnionCore:2.3.0.1/|80018||||||
xfj4urm6ixawkximodcmmwi5plubruiexv7gktikmealfdb3bxecjiqd.onion|/DeepOnionCore:2.3.0.1/|80018||||||
y3kkcym2drvelr7xcya6jojv7f3bpegfpczxtygbucqym2eea2e6icqd.onion|/DeepOnionCore:2.3.0.1/|80018||||||
yrfmkfvrgz5ljgf7cdeozfagf7jvs4x3aik76yh4p66srln5cy3gx7yd.onion|/DeepOnionCore:2.3.2/|80019||||||
