# Bitnodes https://bitnodes.io/api/v1/snapshots/
# Time 1635251260
IP Address|Port|Protocol Version|User Agent|Connected Since|Services|Height|Hostname|City|Country Code|Latitude|Longitude|Timezone|ASN|Organization Name
223viuitp5ig324e5ywq7ul2zyaikpiarbw4qa5tx4f5o5amlqusuwad.onion|8333|70016|/Satoshi:0.21.1/|1634825677|1033|706757|None|None|None|0.0|0.0|None|TOR|Tor network
22csha7d66yfu52xmmgnc5decr2tvd7vkqq2ixfqoszf7h7jmwahv6qd.onion|8333|70016|/Satoshi:22.0.0/|1635214859|1037|706759|None|None|None|0.0|0.0|None|TOR|Tor network
22dbyxibdszyoku64dmlxmntojao2auukwop3wwkijncrtrocegtzuyd.onion|8333|70016|/Satoshi:22.0.0/|1634744536|1037|706771|None|None|None|0.0|0.0|None|TOR|Tor network
22kp4itwae32tbwbdn5ixfmel5wpfgdw4a3q4a4jk5pkdxkq4pzbuzid.onion|8333|70016|/Satoshi:0.21.1/|1635121595|1037|706771|None|None|None|0.0|0.0|None|TOR|Tor network
22mfvnuyhwbo7ypfyjlymrsvk3kpewftmkpq33qgr6s6tw42udocirad.onion|8333|70016|/Satoshi:0.21.1/|1634818211|1033|0|None|None|None|0.0|0.0|None|TOR|Tor network
22ohvvanznw4msedcwapxvzzlbweexau3zpvd2fos2zvm3k3if7aqvyd.onion|8333|70016|/Satoshi:0.21.1/|1634766240|1037|706771|None|None|None|0.0|0.0|None|TOR|Tor network
22pz2giqglrjahnebbeedjyfhmy26wifq7d6wnioioqv3kbctddraead.onion|8333|70016|/Satoshi:22.0.0/|1635075875|1033|706774|None|None|None|0.0|0.0|None|TOR|Tor network
22wy52z7zirp7a5gejvo4okjv3xz5jvhmar4ryqlrq5upgyivf5sdnad.onion|8333|70016|/Satoshi:22.0.0/|1635146968|1037|0|None|None|None|0.0|0.0|None|TOR|Tor network
237mczpcoin7xx66dxqojhpyitg6gouklxv2djyko4rbmpx3emmtq5qd.onion|8333|70016|/Satoshi:0.21.1/|1634803737|1037|706745|None|None|None|0.0|0.0|None|TOR|Tor network
23ojdhgjcprwkozjqxg2cv4govg2562pw57k3vp6eb6y2pktql6bewad.onion|8333|70016|/Satoshi:0.21.1/|1635241028|1037|706774|None|None|None|0.0|0.0|None|TOR|Tor network
23ornybzj5yh4667nqp7tb6f4p3oakelh262uh6xougzpe663eubs4ad.onion|8333|70016|/Satoshi:0.21.1/|1635083796|1037|706760|None|None|None|0.0|0.0|None|TOR|Tor network
23qybzeond6gfl3kxieyfxsh2t6gycapk26boutwxxqcirni6s32d7id.onion|8333|70016|/Satoshi:0.21.1/|1634814681|1033|706717|None|None|None|0.0|0.0|None|TOR|Tor network
24h6ael65rhqbgejirrk6nq2xn4t2yik7az2ths3kw4ebd5ltuhaoqyd.onion|8333|70016|/Satoshi:0.21.1/|1634995640|1033|0|None|None|None|0.0|0.0|None|TOR|Tor network
24js75dbehkkucvwtwrvewz6ddtpsurdmpp4jujsazadan6mqkglxnid.onion|8333|70016|/Satoshi:22.0.0/|1635244894|1037|706774|None|None|None|0.0|0.0|None|TOR|Tor network
25ki4n3pdunhgozbrwof4ot7a6b5bersvb6bjoqjdmy4swxh6pcnhlad.onion|8333|70016|/Satoshi:0.21.1/|1634975794|1037|706721|None|None|None|0.0|0.0|None|TOR|Tor network
25kt6wz4x77xblar2fjx7uqvqojk4gulkes4zm6ppvz7kngf76aeztqd.onion|8333|70016|/Satoshi:0.21.0/|1634967154|1037|706771|None|None|None|0.0|0.0|None|TOR|Tor network
25tmn2ig5icikh3rgjdiu47os4lfldjkt2f2pzljem54uqxemgffpsid.onion|8333|70016|/Satoshi:0.21.1/|1635005536|1037|0|None|None|None|0.0|0.0|None|TOR|Tor network
25x54vu7vh74oa3helxzdkg5g5dn6dyaxdonmukuh3cjwuhnpgsedeyd.onion|8333|70016|/Satoshi:0.21.0/|1635202037|1037|706721|None|None|None|0.0|0.0|None|TOR|Tor network
264rjr6cow4xr37556c5l34kgn3x5xk6ykvibzeuj2u6xlxnt227tryd.onion|8333|70016|/Satoshi:0.21.0/|1635249903|1037|706782|None|None|None|0.0|0.0|None|TOR|Tor network
267j3py4ed6pmi4d.onion|8333|70015|/Satoshi:0.20.1/|1635248572|1032|706778|None|None|None|0.0|0.0|None|TOR|Tor network
26cgj23lajizkfzhcuk6gsx5awje6cncmyfbkfa76v2eafrwgs6mjwad.onion|8333|70016|/Satoshi:0.21.0/|1635168337|1037|0|None|None|None|0.0|0.0|None|TOR|Tor network
26mw4ibwf2cz26g4s4tnuvho5yacckvydviwjs6oaalwxevrsfhgluqd.onion|8333|70016|/Satoshi:0.21.0/|1635218527|1037|706771|None|None|None|0.0|0.0|None|TOR|Tor network
272z2rd3skycvy7n.onion|8333|70015|/Satoshi:0.20.0/|1634959220|1037|706732|None|None|None|0.0|0.0|None|TOR|Tor network
27i5xmpkche6kspbfkdlcie5a4patoniqnaew5temxumhzj5fxloetad.onion|8333|70016|/Satoshi:0.21.1/|1635185811|1037|0|None|None|None|0.0|0.0|None|TOR|Tor network
27rlvqke4y7nk6mevtbnvxqwc4bu2s56pnoldqt7xmyxy3kbzf2zpqyd.onion|8333|70016|/Satoshi:0.21.1/|1634824753|1037|706742|None|None|None|0.0|0.0|None|TOR|Tor network
27vp7p5zz26uavdpcpqbqav5tzoxr2rpgo4h3g5jfhqu55busn6adtyd.onion|8333|70016|/Satoshi:0.21.1/|1633990499|1037|706756|None|None|None|0.0|0.0|None|TOR|Tor network
27yksiw6vxea6q2vuxh7652vryfmussyqiyaamzv3l2eavwwmnwl4zad.onion|8333|70016|/Satoshi:0.21.1/|1635096178|1037|0|None|None|None|0.0|0.0|None|TOR|Tor network
2a7lu2zyzpxrsej6ckmp7qnsi5ick4jxplfp5ofxxbrm3ctc7nzxkfqd.onion|8333|70016|/Satoshi:0.21.0/|1635172942|1037|0|None|None|None|0.0|0.0|None|TOR|Tor network
2abaoeqf3trjvv3dk67yfezg4jis6c22uozmp5dbgjgrqhlzaaigd4yd.onion|8333|70016|/Satoshi:0.21.1/|1635035669|1033|706771|None|None|None|0.0|0.0|None|TOR|Tor network
2abv6yp5ilvmumy7iemk5g7gvk7lpgeugueznngrv6cxhywfw2eicuqd.onion|8333|70016|/Satoshi:0.21.1/|1634829319|1037|706776|None|None|None|0.0|0.0|None|TOR|Tor network
2aqqs5r7pw5kqcmo6vytz245ro6nzl3mcisjlyfg32miu73tpc4chiad.onion|8333|70016|/Satoshi:0.21.1/|1635193534|1037|706759|None|None|None|0.0|0.0|None|TOR|Tor network
2avb6j62aratimtkduswn7uqxpc2u6rfgic5txfcpsvu2cqugilkzpqd.onion|8333|70016|/Satoshi:0.21.1/|1635248234|1032|706778|None|None|None|0.0|0.0|None|TOR|Tor network
2aw433vyqed6tce5wojgjghugooju3roiqmb75xnnvlral5jjzllq3ad.onion|8333|70016|/Satoshi:0.21.0/|1635192215|1037|706774|None|None|None|0.0|0.0|None|TOR|Tor network
2aw6z67mkedrnxv4fawgm7fmw2xejprxtkuqxrblihr6cx4ugos6ghqd.onion|8333|70016|/Satoshi:0.21.1/|1635008958|1037|706778|None|None|None|0.0|0.0|None|TOR|Tor network
2ay5ty6o6nkv3xukz5knbdwsevjwo4nci24nfzks233cy5p25pksdqid.onion|8333|70016|/Satoshi:22.0.0/|1634926034|1037|0|None|None|None|0.0|0.0|None|TOR|Tor network
2b3yxuun22mw55wz.onion|8333|70015|/Satoshi:0.20.0/|1635130331|1037|706776|None|None|None|0.0|0.0|None|TOR|Tor network
2b5jnp2wvluokfzaomk4hmrvyvzuvgxebzu2uvmarpjgls7ioomzdayd.onion|8333|70016|/Satoshi:0.21.1/|1635084361|1037|706745|None|None|None|0.0|0.0|None|TOR|Tor network
2b5vgcs22bzgvx42l2kkkwsi5nz35z7gbg4fwljulsr7cowad3furnyd.onion|8333|70016|/Satoshi:0.21.1/|1635127072|1037|706779|None|None|None|0.0|0.0|None|TOR|Tor network
2b6phkckbduex6fmngla3olasb3ia7ny2vorj65vmtbwa456y5cs3zqd.onion|8333|70016|/Satoshi:0.21.1/|1635239259|1033|706769|None|None|None|0.0|0.0|None|TOR|Tor network
2bat7e7nkkxoruphb6fdidwva6s3asdeokamtp4gp6huqh6eye3rwoyd.onion|8333|70016|/Satoshi:22.0.0/|1635239250|1033|706769|None|None|None|0.0|0.0|None|TOR|Tor network
2bbjogfmfc2rjej6r2upjvwpuk6fsqykepaa772zpg2z723racazrrad.onion|8333|70016|/Satoshi:0.21.1/|1635194292|1037|0|None|None|None|0.0|0.0|None|TOR|Tor network
2bkkrzh3rpkzpag67ojaqpys2mu5irc5a4bnzkevizvb5fyzyql5d4id.onion|8333|70016|/Satoshi:0.21.1/|1635189892|1037|706769|None|None|None|0.0|0.0|None|TOR|Tor network
2blh7htuoukie44zlugudmltjd26ntme6xedlllrk633dcitgpnpepid.onion|8333|70016|/Satoshi:22.0.0/|1635230422|1037|706769|None|None|None|0.0|0.0|None|TOR|Tor network
2bpufnsfoxw5ikrrorxsns3wjdyu7qxmvx77nsgfvlwnf3wqwzrf7yqd.onion|8333|70016|/Satoshi:0.21.1/|1634804333|1037|706750|None|None|None|0.0|0.0|None|TOR|Tor network
2bsyb2oj7kffuwfrepz36qxxolox2lieqzh7pleuxg6yd6ms6thlsgyd.onion|8333|70016|/Satoshi:0.21.0/|1635118602|1037|706771|None|None|None|0.0|0.0|None|TOR|Tor network
2btaihcyzsipsk5jurva2i62bjacdszalfpjn7mt3wjdqaujb2yfjxid.onion|8333|70016|/Satoshi:0.21.1/|1634865302|1033|706750|None|None|None|0.0|0.0|None|TOR|Tor network
2budnly424om5ulsc37t344huifntbutcco44v5lhcjddwbgn5d77zqd.onion|8333|70016|/Satoshi:0.21.1/|1635176489|1037|0|None|None|None|0.0|0.0|None|TOR|Tor network
2byccfh3w57j4l45hzk4syndzcglfpqh2lt4jlykxftcusqzxrk3akyd.onion|8333|70016|/Satoshi:0.21.0/|1634738410|1037|706740|None|None|None|0.0|0.0|None|TOR|Tor network
2c7gm2bxf5vqmfr2k6y6momqlitmv22cggye5id6cfah6qukgeluoiad.onion|8333|70016|/Satoshi:0.21.1/|1635183160|1037|706723|None|None|None|0.0|0.0|None|TOR|Tor network
2cjxm4rnfi25qkgtjprzowmeeqnepxsne5he5wckj3to56ju7vigtxid.onion|8333|70016|/Satoshi:0.21.1/|1635009622|1037|706771|None|None|None|0.0|0.0|None|TOR|Tor network
2cjzxt3vuaszs5bia724hpp6iy6rlyc6gamnjj47tqhgrwindj45q4ad.onion|8333|70016|/Satoshi:0.21.1/|1634977558|1037|706769|None|None|None|0.0|0.0|None|TOR|Tor network
2cpficmk343e56mg.onion|8333|70015|/Satoshi:0.20.0/|1634892041|1037|706782|None|None|None|0.0|0.0|None|TOR|Tor network
2cx7eky2og4wvivkfgmgwgsa47442maewzyyx545sphmjnjjl5mkrvqd.onion|8333|70016|/Satoshi:0.21.1/|1635178430|1037|0|None|None|None|0.0|0.0|None|TOR|Tor network
2cxcqrwr3lz6znwj6iigeopv3ybve7lfyxp5lbd52kv23wv27ptnakad.onion|8333|70016|/Satoshi:0.21.1/|1635019087|1033|706749|None|None|None|0.0|0.0|None|TOR|Tor network
2cy3klvsawqlrkpxmrovdqmlgbl4vppnejkfm3fhgte2rgwv526u5oqd.onion|8333|70016|/Satoshi:22.0.0/|1635032100|1033|706760|None|None|None|0.0|0.0|None|TOR|Tor network
2d4qb7f2kn4kai2l.onion|8333|70015|/Satoshi:0.18.1/|1635230429|1037|706786|None|None|None|0.0|0.0|None|TOR|Tor network
2dbtkfnjw6ka7tfev5nwgus5ancj3uzasaw2cqauhf5sk7hplir4mqad.onion|8333|70016|/Satoshi:22.0.0/|1635164077|1037|706749|None|None|None|0.0|0.0|None|TOR|Tor network
2ddubao6npzydxzhtgqmggppxdy4v2kt6cx7xp5drctjwpv75fgh3wqd.onion|8333|70016|/Satoshi:0.21.1/|1634975006|1033|706762|None|None|None|0.0|0.0|None|TOR|Tor network
2dendeiwpzqry2y5j5warlvusjceswh2xzsssxqgjlluxi445jhvgeqd.onion|8333|70016|/Satoshi:22.0.0/|1635119315|1037|706721|None|None|None|0.0|0.0|None|TOR|Tor network
2djgg5hfdkh6ibpj.onion|8333|70015|/Satoshi:0.20.1/|1635217802|1037|706774|None|None|None|0.0|0.0|None|TOR|Tor network
2drh5fb54xobg2uxoap6a2x2tajpcwtz2mgd3bduuex4r6fkt5axh3ad.onion|8333|70016|/Satoshi:22.0.0/|1635239626|1037|706770|None|None|None|0.0|0.0|None|TOR|Tor network
2ehrhu6yu3zek464iom4kch24h6qx7kfxhr5ooaug6oh4bmprwss4cyd.onion|8333|70016|/Satoshi:0.21.1/|1634987843|1037|706733|None|None|None|0.0|0.0|None|TOR|Tor network
2evduuslator46uxv6eb5dvjitv2uouwhtc6h3luic2wb3k7zehausqd.onion|8333|70016|/Satoshi:0.21.1/|1634858643|1037|0|None|None|None|0.0|0.0|None|TOR|Tor network
2f2gjf6nyichjruf.onion|8333|70015|/Satoshi:0.20.0/|1635124178|1033|706782|None|None|None|0.0|0.0|None|TOR|Tor network
2fubhkuvbxryvh4u2uzo2nlzmifgrirblufvw6djzjmu6unkxciedzad.onion|8333|70016|/Satoshi:0.21.0/|1635225112|1037|706746|None|None|None|0.0|0.0|None|TOR|Tor network
2g4io35zhw6s4k5zezndy2boqv5j2737lepi37sbu4udrcd7uy73tfyd.onion|8333|70016|/Satoshi:0.21.1/|1634335933|1033|0|None|None|None|0.0|0.0|None|TOR|Tor network
2goftbc3bdh3kqvpndtpo5g5vfnn4jzlgo2lgn77n5honlugbcimesqd.onion|8333|70016|/Satoshi:0.21.0/|1635132005|1037|706757|None|None|None|0.0|0.0|None|TOR|Tor network
2hmahewc4kmyi36yw7p4gkbugqgxmwakx4tkfp3l3mbzueau54qwb5ad.onion|8333|70016|/Satoshi:0.21.0/|1635160935|1037|706760|None|None|None|0.0|0.0|None|TOR|Tor network
2hpfvmysmudmvnio3eyzim3mptqxqh6frzpc6w67psivveagb3i27gid.onion|8333|70016|/Satoshi:22.0.0/|1635083018|1037|706774|None|None|None|0.0|0.0|None|TOR|Tor network
2i25jzinxxfhy4su566lzlc5espyzvujiwajrfsjuryadcgwum6yg6id.onion|8333|70016|/Satoshi:22.0.0/|1635190417|1037|706742|None|None|None|0.0|0.0|None|TOR|Tor network
2inoamse354dm5z2.onion|8333|70015|/Satoshi:0.20.0/|1634945593|1033|706774|None|None|None|0.0|0.0|None|TOR|Tor network
2it222nsdjr6xeamcynu2ddsctbovdgfgy5dcstw6u6k44pnxjcttmad.onion|8333|70016|/Satoshi:22.0.0/|1635198780|1037|706771|None|None|None|0.0|0.0|None|TOR|Tor network
2iuw5jopa5uaidp5m6pwrshnwoppffh47pf73lkinb4nukqgimwuvlid.onion|8333|70016|/Satoshi:22.0.0/|1634902448|1033|706742|None|None|None|0.0|0.0|None|TOR|Tor network
2izxjre5dfupdptjocaae624pp36mxybu6rcspz6gj6eamo2yluwiqqd.onion|8333|70016|/Satoshi:0.21.1/|1634775407|1037|706772|None|None|None|0.0|0.0|None|TOR|Tor network
2jkzojvrnzjcdyeqybd2mv7wwh625uktmmqf733wrageolbakgruixqd.onion|8333|70016|/Satoshi:0.21.1/|1635222428|1037|706739|None|None|None|0.0|0.0|None|TOR|Tor network
2jnduapgnsztxqlw7an263mjjrd2hh2okgpg6s4pxltkwsawyfrabvid.onion|8333|70016|/Satoshi:0.21.1/|1634666505|1037|706771|None|None|None|0.0|0.0|None|TOR|Tor network
2jqfnkjkp5ifazaagv2sq5d6cildhgmb6axy6ynn4745g4wcucon6dad.onion|8333|70016|/Satoshi:0.21.1/|1635189896|1033|706756|None|None|None|0.0|0.0|None|TOR|Tor network
2juoqoz5ytz5wgrdb5f7v6gu7ywl56y2qvxcdowphbwyj7rju7n3zzqd.onion|8333|70016|/Satoshi:0.21.1/|1635112835|1037|706742|None|None|None|0.0|0.0|None|TOR|Tor network
2k6nyncgfqqkaxreaoen75jlgemv3ytuxzx62byoxpmmuiatk6ekjcyd.onion|8333|70016|/Satoshi:22.0.0/|1635054479|1033|706782|None|None|None|0.0|0.0|None|TOR|Tor network
2kb3xopi3vupkfmqcyd2ibdwyhnqemxgrvfjfbqbidotk3xv7comr6yd.onion|8333|70016|/Satoshi:22.0.0/|1635146415|1037|706772|None|None|None|0.0|0.0|None|TOR|Tor network
2kh2qwbpxxs75t7gpyue4dqvzntje7sclfpr6qqwpbwj4dxlgfn7zvad.onion|8333|70016|/Satoshi:0.21.0/|1635078632|1037|706749|None|None|None|0.0|0.0|None|TOR|Tor network
2klfyy4yoc5haxahhc63f7d3vkmxykyylblesspaqcaa3f3qj3blpzqd.onion|8333|70016|/Satoshi:0.21.0/|1634844945|1037|706720|None|None|None|0.0|0.0|None|TOR|Tor network
2kqdpojmdx2gant2fwdefs34hbxkrss6kekfsbe22g5qgfzeib4a4fad.onion|8333|70016|/Satoshi:22.0.0/|1635186307|1037|706771|None|None|None|0.0|0.0|None|TOR|Tor network
2kw6n3jam364vrsbcc6lcc3nvqmt3yztc2i3xcseudhux7cefk6qhbqd.onion|8333|70016|/Satoshi:0.21.1/|1635154886|1037|706733|None|None|None|0.0|0.0|None|TOR|Tor network
2kz2ao62l25tbtibg2mimu2qblyfx5ewpyzoaeu6y6wiqp2edd34yhad.onion|8333|70016|/Satoshi:22.0.0/|1634815317|1037|706782|None|None|None|0.0|0.0|None|TOR|Tor network
2ll6bq54g4qbxgdux43ic7w3qnyjhvmgmtrqbssxo475yp5lzknzxbid.onion|8333|70016|/Satoshi:0.21.0/|1635209745|1037|706742|None|None|None|0.0|0.0|None|TOR|Tor network
2lljwgn457tt45wvtxjdujvwzd3wowluvsebx3zc42bhp5qnz3fp24id.onion|8333|70016|/Satoshi:0.21.0/|1635214860|1033|706722|None|None|None|0.0|0.0|None|TOR|Tor network
2lxobygo443gphuhx3uimpijn53tejgcibbtsbu4wcutjnv7kuh2lvad.onion|8333|70016|/Satoshi:0.21.1/|1634798981|1037|706764|None|None|None|0.0|0.0|None|TOR|Tor network
2m446j6iklhaxcnbg6hwuss3xwvxpnvtpup25zywvqx6tlzaylkfeuqd.onion|8333|70016|/Satoshi:0.21.0/|1635218914|1037|706774|None|None|None|0.0|0.0|None|TOR|Tor network
2m5r3ovws34zqfo6csfs5n7477uwqhezmqcdpa7bffkm6ciy3cxkzzyd.onion|8333|70016|/Satoshi:0.21.0/|1635245215|1037|706774|None|None|None|0.0|0.0|None|TOR|Tor network
2mkdxcl76us7l3svtikndkq2oqpiuea3gwzapxtko4shwmfdaijyr3id.onion|8333|70016|/Satoshi:22.0.0/|1635072505|1033|0|None|None|None|0.0|0.0|None|TOR|Tor network
2mtq4n4a2jdxhukdzja6aofqppoy2edguogpus5zgg7ydy4usquqbyqd.onion|8333|70016|/Satoshi:0.21.1/|1635106924|1037|706755|None|None|None|0.0|0.0|None|TOR|Tor network
2mw7wkhnjephenk3.onion|8333|70015|/Satoshi:0.20.0(dim-3500)/|1635172011|1032|706774|None|None|None|0.0|0.0|None|TOR|Tor network
2n47ftslifgm34cydhpbd2wpkur45yrfauxz2yvbszzd5ylzus3swvqd.onion|8333|70016|/Satoshi:0.21.1/|1635184479|1037|706769|None|None|None|0.0|0.0|None|TOR|Tor network
2nc5fo5cfblo3pbqljgkx5mmyhxcct47fybzqeibwub4bauodnobvaid.onion|8333|70016|/Satoshi:0.21.1/|1635081521|1037|0|None|None|None|0.0|0.0|None|TOR|Tor network
2nrrdt272opurphyrrcogmvcihm342sfljinrqckwjzyu6emw4idu3id.onion|8333|70016|/Satoshi:0.21.0/|1635189114|1037|0|None|None|None|0.0|0.0|None|TOR|Tor network
2oawhxdnuoo3qmh2m7ehhuyc4dyaoy4l6bhw3gygn447bfvhadpilrad.onion|8333|70016|/Satoshi:0.21.1/|1634908696|1101|0|None|None|None|0.0|0.0|None|TOR|Tor network
2oivbdkmgv6647fbqqgjl463gz2ygvoa453gs3v5s5xlnggbr6mdl4id.onion|8333|70016|/Satoshi:0.21.1/|1635241032|1033|706771|None|None|None|0.0|0.0|None|TOR|Tor network
2ouaxqdepjqsfz76e57diihgboorffhlof7qdqqxqlwkuox3uzqqh5yd.onion|8333|70016|/Satoshi:0.21.0/|1635242133|1037|706771|None|None|None|0.0|0.0|None|TOR|Tor network
2p2du3ddjbcmkp3mtsq4mybxymhzsaflf7imme4j3mpixqryymhur3yd.onion|8333|70016|/Satoshi:0.21.1/|1635230425|1037|706772|None|None|None|0.0|0.0|None|TOR|Tor network
2p5f7zu4qsfnpbj2imusfmgdkqzkrr2zgtzp3lgsadxjexuiqn4cbdyd.onion|8333|70016|/Satoshi:0.21.0/|1634832185|1033|706742|None|None|None|0.0|0.0|None|TOR|Tor network
2pobaw6ukd5cmcihpwrfarnudbw3jhwzpihblmp5j7syl7mfl5wpnbid.onion|8333|70016|/Satoshi:22.0.0/|1635244902|1037|706774|None|None|None|0.0|0.0|None|TOR|Tor network
2q3ju22p3cc2vrlph76vnxfazxoor5la4fci7ghtkeqyhz65hmdzopad.onion|8333|70016|/Satoshi:22.0.0/|1635075866|1037|706782|None|None|None|0.0|0.0|None|TOR|Tor network
2q4ifemh7wfec2b4xhyhzdi52h6laeydrbbsifrqxn75p723nsrbytqd.onion|8333|70016|/Satoshi:0.21.1/|1634867954|1033|706764|None|None|None|0.0|0.0|None|TOR|Tor network
2rrjrwbqezrkknpwgcnw5l7fie4ax66bovhbpvunk6a6322aycaf4cid.onion|8333|70016|/Satoshi:0.21.1/|1635157481|1037|0|None|None|None|0.0|0.0|None|TOR|Tor network
2rwfwlmjvgqjxi3z.onion|8333|70015|/Satoshi:0.18.1/|1635242873|1037|706774|None|None|None|0.0|0.0|None|TOR|Tor network
2rwgmklk4ekwv644vwq3z5fgs3tfug5hf2r2z73tcbqwo7inqycfw7id.onion|8333|70016|/Satoshi:0.21.0/|1635021831|1037|706745|None|None|None|0.0|0.0|None|TOR|Tor network
2s2cnua2zg4gjcpnetx5y5sv4wzec42zv6zthzuogl3cxws2bzur4yad.onion|8333|70016|/Satoshi:22.0.0/|1634942400|1033|706782|None|None|None|0.0|0.0|None|TOR|Tor network
2s7lpfvlfstxe57h.onion|8333|70016|/Satoshi:0.21.1/|1635159612|1033|0|None|None|None|0.0|0.0|None|TOR|Tor network
2sexf2s5ysirkd3b.onion|8333|70015|/Satoshi:0.20.1/|1635131020|1033|706784|None|None|None|0.0|0.0|None|TOR|Tor network
2sf5uf6riql3fvwwy7ztmkxcirjmv4qy7mutky4tehc2swkjdzws7gyd.onion|8333|70016|/Satoshi:0.21.1/|1635241030|1037|706774|None|None|None|0.0|0.0|None|TOR|Tor network
2skw43ezbybbhzdiocwo3tbarah4jhm3nthl2rcomaguohmvxm4lqbad.onion|8333|70016|/Satoshi:0.21.1/|1635088746|1037|706757|None|None|None|0.0|0.0|None|TOR|Tor network
2so56riwpjcejvg5qixk65yychi7ietnypjvworevvslzembrsh5bcid.onion|8333|70016|/Satoshi:0.21.1/|1635053655|1037|706771|None|None|None|0.0|0.0|None|TOR|Tor network
2sqeydc7dvplci7nkjchlyda3kw7r4b7q6iuzuir7ao46ioewlnfreqd.onion|8333|70016|/Satoshi:0.21.0/|1634830690|1037|706770|None|None|None|0.0|0.0|None|TOR|Tor network
2t55iwnvo2cdtrceapjxtrturdnwbjdfydcilhym3okvl3ibunywgdad.onion|8333|70016|/Satoshi:22.0.0/|1634986482|1037|0|None|None|None|0.0|0.0|None|TOR|Tor network
2thc2p7wyckg6wkv.onion|8333|70015|/Satoshi:0.20.0/|1635191696|1033|0|None|None|None|0.0|0.0|None|TOR|Tor network
2tjoeihiynidf3qjodczaejomifuzk4tf3dzk22flt3s5gdy3r73dmqd.onion|8333|70016|/Satoshi:22.0.0/|1634984138|1037|706770|None|None|None|0.0|0.0|None|TOR|Tor network
2tptntnlbwefw5kguzf5db7akuopdvadbkfvxqqexclqosl7ktwwfmqd.onion|8333|70016|/Satoshi:0.21.1/|1634846620|1037|0|None|None|None|0.0|0.0|None|TOR|Tor network
2tpxgtnde46s3ggp45xhq5kdu65upxb3qrmjicybcpfuim3xol7zjuqd.onion|8333|70016|/Satoshi:0.21.1/|1635107770|1037|706774|None|None|None|0.0|0.0|None|TOR|Tor network
2tuqgyh5vimdp7iozdopofpxfqdcmyqddqsjag2xf7i2zmueqtgu5uad.onion|8333|70016|/Satoshi:0.21.1/|1635083028|1037|706774|None|None|None|0.0|0.0|None|TOR|Tor network
2tvf6yygemn5t35yp4q57c7kriwfzpy2am3ao2hpr7z27xbtq2p3dgid.onion|8333|70016|/Satoshi:22.0.0/|1635176493|1033|706774|None|None|None|0.0|0.0|None|TOR|Tor network
2tvkkbc7txlsxhnshfip4la4m5a63vgsssbkw4h7rlb7axetlsnxyiyd.onion|8333|70016|/Satoshi:22.0.0/|1635226313|1037|706774|None|None|None|0.0|0.0|None|TOR|Tor network
2u7kmvwzoll5qxmk4wxmqk3ryxtfkiyui566oxbtmeja66sicyawjvqd.onion|8333|70016|/Satoshi:22.0.0/|1634890550|1037|0|None|None|None|0.0|0.0|None|TOR|Tor network
2udr264joqu72qispl3w3ez4lpe64jelemult4j7jldrkcpb7gaawpid.onion|8333|70016|/Satoshi:22.0.0/|1635185825|1037|706774|None|None|None|0.0|0.0|None|TOR|Tor network
2uixp675kdlredurjd3wifaxnui3uiunv4ca24jffvmws33he33afuyd.onion|8333|70016|/Satoshi:22.0.0/|1634987558|1037|706782|None|None|None|0.0|0.0|None|TOR|Tor network
2ukykurjstsom2dudoo24hjpyohjs2etdkac2vuotup5dmc5y4ye6lid.onion|8333|70016|/Satoshi:22.0.0/|1635189115|1037|706774|None|None|None|0.0|0.0|None|TOR|Tor network
2un46k3rkoyxriu3zh4gony6xt4f75ggolp56d34np53jrytxtxs7tad.onion|8333|70016|/Satoshi:0.21.1/|1634751540|1037|0|None|None|None|0.0|0.0|None|TOR|Tor network
2uqsl2nj4jxtzhzy.onion|8333|70016|/Satoshi:0.21.1/|1635208662|1033|706713|None|None|None|0.0|0.0|None|TOR|Tor network
2uwbrhly6spzjlchlnuhhp3h6wtsy3shmgvqb52b2n4wvqfqxldmb7ad.onion|8333|70016|/Satoshi:0.21.1/|1635007126|1033|0|None|None|None|0.0|0.0|None|TOR|Tor network
2uy7d5mfpiae3wbwpvb5voqu6gohmik4ftehzxq5snozp4wiojamifyd.onion|8333|70016|/Satoshi:22.0.0/|1634915995|1037|706784|None|None|None|0.0|0.0|None|TOR|Tor network
2v3bqtjl4avxdsk2lwfj27gzwk7s44zw52gdirxiyrzliwxbjqqaowqd.onion|8333|70016|/Satoshi:0.21.1/|1635197584|1037|0|None|None|None|0.0|0.0|None|TOR|Tor network
2vb6ubl5hpcoejmu.onion|8333|70015|/Satoshi:0.20.0/|1635159049|1033|706776|None|None|None|0.0|0.0|None|TOR|Tor network
2vg4q6ld3hqzivsmlwg5d5do7iwzmaokchl4aykpp2ugbm5exr3mtrqd.onion|8333|70016|/Satoshi:0.21.0/|1635041574|1037|0|None|None|None|0.0|0.0|None|TOR|Tor network
2vwgdefslyq6kxvwdsbviuqqldoknafbapezte7upikypakfcfudklqd.onion|8333|70016|/Satoshi:0.21.0/|1634829305|1037|0|None|None|None|0.0|0.0|None|TOR|Tor network
2w2x2ohgqxjsjzt7nwc6nz55rxxjzwagphio33niud7fc2zil6hb5hqd.onion|8333|70016|/Satoshi:0.21.1/|1635010035|1037|0|None|None|None|0.0|0.0|None|TOR|Tor network
2w57wr3x6zvcjnrxwhx6jmeo32hvlck4dqsq3rv65lhd654m3ddlpiid.onion|8333|70016|/Satoshi:0.21.0/|1634984347|1033|0|None|None|None|0.0|0.0|None|TOR|Tor network
2wbv27wyq52odtrynxkxamwzyio4uqw32tep47k2hpi4dvcbidejp5id.onion|8333|70016|/Satoshi:0.21.1/|1635099609|1037|706774|None|None|None|0.0|0.0|None|TOR|Tor network
2wlbhayfqe2bwi7m4g7tjiyzsnzngahx76ccbwrjubqlykv2davrtbyd.onion|8333|70016|/Satoshi:0.21.1/|1634918738|1037|706771|None|None|None|0.0|0.0|None|TOR|Tor network
2wlj5knijcafaoio6l6okfgr6uy7vftvd76cbdmhjfey7r7qss33xnad.onion|8333|70016|/Satoshi:0.21.0/|1635228562|1033|706771|None|None|None|0.0|0.0|None|TOR|Tor network
2wpycic7b5nxbo54.onion|8333|70015|/Satoshi:0.20.1/|1635172332|1037|706776|None|None|None|0.0|0.0|None|TOR|Tor network
2wrmfaydvrd7comhkeb2re6wiwqdxhsgrfjrnc4k3c53dhi4xmnvqyyd.onion|8333|70016|/Satoshi:22.0.0/|1635119358|1037|0|None|None|None|0.0|0.0|None|TOR|Tor network
2wwf3ktonua2n5ds3kbgdavpsu2tgkbt7rzpyxt6xppejym2ips7svid.onion|8333|70016|/Satoshi:22.0.0/|1635235755|1033|706760|None|None|None|0.0|0.0|None|TOR|Tor network
2wx3kgmkmxz2lpjy6knu2kvqlm5jk6o3ftelrqofya37qs6exmi5x3qd.onion|8333|70016|/Satoshi:0.21.1/|1635178980|1037|706774|None|None|None|0.0|0.0|None|TOR|Tor network
2xmepv5mapmgl2brsu2bz5gooh5umwktz4aq2gstjd2djogivvzm2dyd.onion|8333|70016|/Satoshi:22.0.0/|1635117212|1033|0|None|None|None|0.0|0.0|None|TOR|Tor network
2xulikss3zvqveoz.onion|8333|70015|/Satoshi:0.20.0/|1634931269|1037|706721|None|None|None|0.0|0.0|None|TOR|Tor network
2xvi7znhib6qnoli7f22cj72stlqvy5xbrhsk3av3okyyeei75slfcid.onion|8333|70016|/Satoshi:22.0.0/|1634844602|1033|706746|None|None|None|0.0|0.0|None|TOR|Tor network
2xzkzcafvudce5pogdcgnlcu45wbpmylhjlh5rpsrfl2pt2adl26ojad.onion|8333|70016|/Satoshi:0.21.1/|1635221264|1033|706764|None|None|None|0.0|0.0|None|TOR|Tor network
2ycikbk3h6tyjy4bllkddj42p5m6vp36njvy6qdvzarylnk4vcipgsqd.onion|8333|70016|/Satoshi:0.21.1/|1635086940|1037|706760|None|None|None|0.0|0.0|None|TOR|Tor network
2yq3ze7vwd646ozslbybncuxxchr2bo64tanho33j6pv5pxoz4mjmsyd.onion|8333|70016|/Satoshi:0.21.0/|1635235400|1033|706759|None|None|None|0.0|0.0|None|TOR|Tor network
2z6vup2c3y7a7qn6lcynfmdqdleiktrhtdmipwhmsyephrpk3yzq4mad.onion|8333|70016|/Satoshi:0.21.1/|1635125812|1037|706770|None|None|None|0.0|0.0|None|TOR|Tor network
2zbhbn5iv5ebtpiy53tn5b67drhroxk2qdmrigscaww7prupcxxr4nad.onion|8333|70016|/Satoshi:0.21.0/|1635223999|1037|706757|None|None|None|0.0|0.0|None|TOR|Tor network
2zppdill4hrmvz54.onion|8333|70015|/Satoshi:0.20.0/|1634867163|1037|706764|None|None|None|0.0|0.0|None|TOR|Tor network
2ztbjm7jtvdhg6a6w6h4y24deec5hwama3ileuczagpa46ducv3zn4yd.onion|8333|70016|/Satoshi:22.0.0/|1635225898|1037|706744|None|None|None|0.0|0.0|None|TOR|Tor network
2zy7sax6bxh7kvq74atcipbvyphtt37hrzuxafvvbdjq5kn5wjycs7id.onion|8333|70016|/Satoshi:0.21.1/|1635112384|1037|706755|None|None|None|0.0|0.0|None|TOR|Tor network
2zyclwycucfiyp2hwkb6xg4iuxqhvkgc4iv5s4vtsq6difrxfkh4f3ad.onion|8333|70016|/Satoshi:0.21.0/|1635005521|1037|706759|None|None|None|0.0|0.0|None|TOR|Tor network
2zyd3chvx2s2wzyyx5jydbtvbklr3ebkmvcuhp7y5onbwqgbdffpxwid.onion|8333|70016|/Satoshi:22.0.0/|1635022541|1037|706759|None|None|None|0.0|0.0|None|TOR|Tor network
324uxe6lr3ofhtzu5jksyoivpt7obcbxfg7t623vy6h4dik4se57feid.onion|8333|70016|/Satoshi:0.21.1/|1635027421|1037|706746|None|None|None|0.0|0.0|None|TOR|Tor network
32eduygqksx6feofe7kz3cijsyvpbkkhvc4llvgaxu7gdeug3eqxccid.onion|8333|70016|/Satoshi:22.0.0/|1635024649|1037|706745|None|None|None|0.0|0.0|None|TOR|Tor network
33bipmqlmk3yxecpguleulrce5m7ku7nrn2f7xfbkm4ybri7uivhg5ad.onion|8333|70016|/Satoshi:22.0.0/|1635213039|1037|706774|None|None|None|0.0|0.0|None|TOR|Tor network
33ymf7nocwtbztqnng7vymtjbtl6xwn7vcu2v3z4mn4ak5zse3lwlbid.onion|8333|70016|/Satoshi:0.21.0/|1635225102|1037|706742|None|None|None|0.0|0.0|None|TOR|Tor network
34orf3xpjb2gasxdl2m42mnwy24awwbwrnd5kvdi4u3h2nxiyalph7ad.onion|8333|70016|/Satoshi:0.21.1/|1634834788|1033|0|None|None|None|0.0|0.0|None|TOR|Tor network
34voybqytpbptvllefyo3aifvkvckv4zwuuwum6b3hw25ynk2zj5jeyd.onion|8333|70016|/Satoshi:0.21.1/|1634903155|1033|706722|None|None|None|0.0|0.0|None|TOR|Tor network
35epbnb3vwdeegd7f3nvvz6inetu6c7bybo5d3nmzgwavaxjedrkrnid.onion|8333|70016|/Satoshi:22.0.0/|1635107367|1033|706778|None|None|None|0.0|0.0|None|TOR|Tor network
35hmhrm5xpprrj4b.onion|8333|70015|/Satoshi:0.18.1/|1635246824|1037|706776|None|None|None|0.0|0.0|None|TOR|Tor network
35osnkta26fs3ts2ja65uzqe67ilfkttslpngugrr23kzdcnoaiwebid.onion|8333|70016|/Satoshi:0.21.0/|1634389913|1037|706759|None|None|None|0.0|0.0|None|TOR|Tor network
35q7zoewspviht72r5wltn5zr75eqj3lwpmfyizujhy3wbfhfm2xipad.onion|8333|70016|/Satoshi:0.21.1/|1634870665|1037|706740|None|None|None|0.0|0.0|None|TOR|Tor network
36czh7cgra73g5m7g43q37fjmuqacnrqntrb7sfqgyerd35ej2775iid.onion|8333|70016|/Satoshi:0.21.1/|1635083020|1037|706762|None|None|None|0.0|0.0|None|TOR|Tor network
36r52tmp34a2xdsrts47gvibfwuccsakdiaflsdm4dczwhx32xlfcnqd.onion|8333|70016|/Satoshi:0.21.0/|1635201474|1037|706732|None|None|None|0.0|0.0|None|TOR|Tor network
36yk5fvutneulxaq2eqwaa7phmzfj2gd7wy453ncvt55p3l4midhg5ad.onion|8333|70016|/Satoshi:0.21.0/|1635123411|1037|706744|None|None|None|0.0|0.0|None|TOR|Tor network
37m62wn7dz3uqpathpc4qfmgrbupachj52nt3jbtbjugpbu54kbud7yd.onion|8333|70016|/Satoshi:0.21.1/|1635236792|1037|706774|None|None|None|0.0|0.0|None|TOR|Tor network
37mzqi26ss4gk6m7qti6yim5cwjiwbe255v55mhmpwhohbefoe62fvyd.onion|8333|70016|/Satoshi:0.21.1/|1634902823|1037|706771|None|None|None|0.0|0.0|None|TOR|Tor network
37ph3vmo67dv5tss.onion|8333|70016|/Satoshi:0.21.1/|1635105685|1033|706760|None|None|None|0.0|0.0|None|TOR|Tor network
37vmdz5xj4x7ruhqh7ytqmqdcqjz7m4nlshbvu5ifi7cjvlsm7iykyqd.onion|8333|70016|/Satoshi:22.0.0/|1634939895|1037|0|None|None|None|0.0|0.0|None|TOR|Tor network
37wzit273pciqhwuvcvrturizmc3vgizzrjdb56ac4hsaswayo4cvmyd.onion|8333|70016|/Satoshi:0.21.0/|1635036062|1033|0|None|None|None|0.0|0.0|None|TOR|Tor network
3agbdvmp4iyo4rpdygeedidpbon5txv4efo2xxvqbzr22puwtjywtqid.onion|8333|70016|/Satoshi:0.21.1/|1635201144|1037|0|None|None|None|0.0|0.0|None|TOR|Tor network
3ammaxtxyhiwblvf636dlmnpeus2kcr2pefcrw2bra6idv7ioknij6ad.onion|8333|70016|/Satoshi:0.21.1/|1635183681|1037|706772|None|None|None|0.0|0.0|None|TOR|Tor network
3ayoxvaemi6siqyzbn6afz5ij4ziv774gvu6lovuazw2bjytrqjv5gyd.onion|8333|70016|/Satoshi:0.21.1/|1634812597|1037|706774|None|None|None|0.0|0.0|None|TOR|Tor network
3bscfknv7qxm2kslgt2hkr4zjquqevnw2nq6wylwtb4iaxwq2jpd2bqd.onion|8333|70016|/Satoshi:0.21.1/|1634920308|1037|706774|None|None|None|0.0|0.0|None|TOR|Tor network
3bu3ojlxu4fkziilgfidyqcg3u4xsuwdzag4p3m46cpgmgrj3zopo6ad.onion|8333|70016|/Satoshi:0.21.1/|1635226324|1033|706772|None|None|None|0.0|0.0|None|TOR|Tor network
3ckdoikxipyhbd4g.onion|8333|70015|/Satoshi:0.20.1/|1634922215|1037|706782|None|None|None|0.0|0.0|None|TOR|Tor network
3clenhnfzbwwv6byqzqqclngcusudsa4ixoioomtqsndihaiop2xexyd.onion|8333|70016|/Satoshi:0.21.1/|1635012546|1037|706734|None|None|None|0.0|0.0|None|TOR|Tor network
3cth4scrnneaw5rnsdgp65ncry2u52aymdj6or567zk6zek4edy52jyd.onion|8333|70016|/Satoshi:0.21.0/|1635241044|1037|706771|None|None|None|0.0|0.0|None|TOR|Tor network
3dbnmpg2bm67sfomxw2kk2v6s4wrc6u4vgfopaay4qscxbqqzaz7hpqd.onion|8333|70016|/Satoshi:0.21.1/|1634935359|1037|706778|None|None|None|0.0|0.0|None|TOR|Tor network
3dimzjhu32h5gipwbatup5oehzeh3r2cyl7capvcxhrctf6yjv5glyyd.onion|8333|70016|/Satoshi:0.21.1/|1634979984|1037|706721|None|None|None|0.0|0.0|None|TOR|Tor network
3dioxfoojb3gmink7s4mqjggdv3nzvukzzojg4elpigwfv4kos54m6qd.onion|8333|70016|/Satoshi:22.0.0/|1634898459|1033|706733|None|None|None|0.0|0.0|None|TOR|Tor network
3dke3i5f4ouvq33bv3x3goqc2qajlnhw6npjplizas6k2wi37jnsqpid.onion|8333|70016|/Satoshi:0.21.1/|1635239249|1037|706774|None|None|None|0.0|0.0|None|TOR|Tor network
3dqk7tzfjtasfdouwizp3zouax6vc7bojqvecin3k64sxnhdsdcoijad.onion|8333|70016|/Satoshi:22.0.0/|1635189878|1037|706740|None|None|None|0.0|0.0|None|TOR|Tor network
3dxq5z3rmhzhr5jaaiwzn34dlxjashwdfyezp3pxi2bokf6ljlrysuid.onion|8333|70016|/Satoshi:22.0.0/|1635135820|1037|706782|None|None|None|0.0|0.0|None|TOR|Tor network
3e65343623fkzy43.onion|8333|70015|/Satoshi:0.20.1/|1635191452|1037|706774|None|None|None|0.0|0.0|None|TOR|Tor network
3ehn4dkcebwppuf5guzhfctd3kjnaen6vnlefmvz5vwmwwgp5ko6chid.onion|8333|70016|/Satoshi:22.0.0/|1635225122|1037|706764|None|None|None|0.0|0.0|None|TOR|Tor network
3ejjlrtljngyujusbhzk5rq634jjf3t7ew6wwbbpoiz6jvrvesgm3hyd.onion|8333|70016|/Satoshi:22.0.0/|1635200832|1037|706749|None|None|None|0.0|0.0|None|TOR|Tor network
3f2k3b2hlr3wiama.onion|8333|70015|/Satoshi:0.19.1/|1635225892|1032|706774|None|None|None|0.0|0.0|None|TOR|Tor network
3f5vkecrsyga23gu4p3lxqdas4qpvw7q64kgtayxqqk6aita7tqp7iad.onion|8333|70016|/Satoshi:22.0.0/|1635136811|1037|706771|None|None|None|0.0|0.0|None|TOR|Tor network
3flxqruk46orclvgxz3wpqbaxbsnaumqf4wxdllmcqhrn5aendhdxgqd.onion|8333|70016|/Satoshi:0.21.1/|1635099995|1033|706771|None|None|None|0.0|0.0|None|TOR|Tor network
3fwl5v6iahfwddwsihkwuyhusnyohslzhv3vn3wcupsiufnpjv6zhgad.onion|8333|70016|/Satoshi:22.0.0/|1635010013|1033|706772|None|None|None|0.0|0.0|None|TOR|Tor network
3gm3dsddabmdhoi33otla73zyloqhaumevgwpdgczeo65y26dkew4rid.onion|8333|70016|/Satoshi:0.21.0/|1634950834|1037|706770|None|None|None|0.0|0.0|None|TOR|Tor network
3gqmzrnmxhmir4hcxecibjcjidmm4qaul2lpiv3i5fnqjgg2pbs4cqqd.onion|8333|70016|/Satoshi:0.21.1/|1635215235|1037|706723|None|None|None|0.0|0.0|None|TOR|Tor network
3gyuc24ccsxdofucyonsncrcy7ptxwpaf5vfghskvf7csyptqeczt6qd.onion|8333|70016|/Satoshi:0.21.1/|1635202945|1033|0|None|None|None|0.0|0.0|None|TOR|Tor network
3hajb4fpe7ylbwcdtq2z2aunikro6eg3xvsp34bbj7wadhrricbwy3id.onion|8333|70016|/Satoshi:0.21.1/|1635227799|1033|706770|None|None|None|0.0|0.0|None|TOR|Tor network
3hm2efho233juowo7i3op5pgaeszothegogvwf2fd5p2jhmvpwmly4qd.onion|8333|70016|/Satoshi:0.21.1/|1634927234|1037|706740|None|None|None|0.0|0.0|None|TOR|Tor network
3ho5qehkxolhl2h6vwjcx63chdkikdeu7uz36ikspzhgmpsk7qjrnead.onion|8333|70016|/Satoshi:0.21.0/|1635217780|1033|706757|None|None|None|0.0|0.0|None|TOR|Tor network
3hswolhsjfnhcgt5xdeoevxrqbzfqjqxvqt3mbgqt5xqpockvnvoccqd.onion|8333|70016|/Satoshi:0.21.1/|1634877554|1037|706746|None|None|None|0.0|0.0|None|TOR|Tor network
3hzalopt552uyulegxxhy63wscajicndsq3kqicnswjmmuusdszp2jyd.onion|8333|70016|/Satoshi:0.21.1/|1634763181|1037|706774|None|None|None|0.0|0.0|None|TOR|Tor network
3i4koxazkwc4xr3zmvathmgprzlaa7ixtdbquspr7cja37h3nrboepyd.onion|8333|70016|/Satoshi:22.0.0/|1635249561|1037|706782|None|None|None|0.0|0.0|None|TOR|Tor network
3iedzoxfnmt6vt6rie5m6abq6vjcyday4sgl325zd455nkispr6k3vqd.onion|8333|70016|/Satoshi:0.21.1/|1635201748|1037|706721|None|None|None|0.0|0.0|None|TOR|Tor network
3ih3yb3y2cy2ylaklir7xfqchqpd7dpzzy25qm3h3ddgcx4hb4sppuid.onion|8333|70016|/Satoshi:0.21.1/|1635244895|1033|706774|None|None|None|0.0|0.0|None|TOR|Tor network
3ijt3ckkmgd7ulieomi6tthumgwidfkp2wng455tsy6opv5qcccdrgad.onion|8333|70016|/Satoshi:0.21.0/|1635230024|1037|706756|None|None|None|0.0|0.0|None|TOR|Tor network
3ipfau667b2tbb4r.onion|8333|70015|/Satoshi:0.20.1/|1635197064|1032|706784|None|None|None|0.0|0.0|None|TOR|Tor network
3itydtrmpg5uoh7osr226atnnbf37vtkznvfcseeilmoooop3xj2zcad.onion|8333|70016|/Satoshi:0.21.1/|1635097682|1037|0|None|None|None|0.0|0.0|None|TOR|Tor network
3iwv3ir3yqmwvvnfbh4otlheaxsxrqj4semvufouifji4axapsjh3vad.onion|8333|70016|/Satoshi:0.21.0/|1635160688|1037|0|None|None|None|0.0|0.0|None|TOR|Tor network
3jc3ylyvfpv6mzffwsh2qszaf3ybmufjifx3ldirscbcsfocybrrt3qd.onion|8333|70016|/Satoshi:0.21.1/|1635101148|1097|706760|None|None|None|0.0|0.0|None|TOR|Tor network
3jj4hlkdyimvagb6.onion|8333|70015|/Satoshi:0.19.1/|1635154084|1037|706786|None|None|None|0.0|0.0|None|TOR|Tor network
3k46fae4aphyqp3grtjn7mk45jkmbdxcwajqehiylh7vtxg3kdooi2yd.onion|8333|70016|/Satoshi:0.21.0/|1634994263|1037|706726|None|None|None|0.0|0.0|None|TOR|Tor network
3k5oycoy26s6ahna2o757bynj4vu45ea2xmxwzjk2ky3xwidiyzd2uyd.onion|8333|70016|/Satoshi:0.21.1/|1635117188|1037|706742|None|None|None|0.0|0.0|None|TOR|Tor network
3k7dhlw47d3tfwg373ugvzirxvcblimbuqjw7tbd72oov5n5mpbyread.onion|8333|70016|/Satoshi:22.0.0/|1635214497|1037|706757|None|None|None|0.0|0.0|None|TOR|Tor network
3kgxn4foyoti6hudzuzgknws5dtdr6tcordf6zko2s3wqov5gryyq5qd.onion|8333|70016|/Satoshi:0.21.1/|1635132639|1037|0|None|None|None|0.0|0.0|None|TOR|Tor network
3lotluscq63lp4jhqlptiwtewn4tshjs6vmv637zpqhl6dgq2wsb3cqd.onion|8333|70016|/Satoshi:0.21.1/|1634815626|1037|0|None|None|None|0.0|0.0|None|TOR|Tor network
3lrmgf2wvzxvxhss.onion|8333|70015|/Satoshi:0.20.0/|1635012558|1037|706757|None|None|None|0.0|0.0|None|TOR|Tor network
3ltg4plrnpqj3qin2zo4jqf3ahoamxftivo2eol2gfhuuo3bgo32v5yd.onion|8333|70016|/Satoshi:22.0.0/|1634826101|1037|706764|None|None|None|0.0|0.0|None|TOR|Tor network
3lx4lxhwloqxwuwjlcwtkgltstwze7pkmciv74exnicpnfd6pmax4eid.onion|8333|70016|/Satoshi:0.21.1/|1634775434|1037|706774|None|None|None|0.0|0.0|None|TOR|Tor network
3micqylv2n5pbi5axmltpy3rmfhkp5u2gv4zesz4i3ijspfjz7tq6vqd.onion|8333|70016|/Satoshi:22.0.0/|1635186314|1037|0|None|None|None|0.0|0.0|None|TOR|Tor network
3mnh6qllzwxaqsj6w6xa4kzr6t4jikinnc27sfasnudwt7gtbrjwfrqd.onion|8333|70016|/Satoshi:22.0.0/|1635117193|1037|706771|None|None|None|0.0|0.0|None|TOR|Tor network
3o5ani4z3i4qodtji2nqbqpri3zfv3xi7r2kymzjeilw4nanghsd75id.onion|8333|70016|/Satoshi:0.21.1/|1635190150|1033|0|None|None|None|0.0|0.0|None|TOR|Tor network
3o7k3nors5gsu6ltibz3zn5upnfqmra7zrp4wscwhr6lnnvm4s3s5wyd.onion|8333|70016|/Satoshi:22.0.0/|1635185801|1037|706760|None|None|None|0.0|0.0|None|TOR|Tor network
3o7sppw3tk5mn5wtwfot3es3cb7eklckodzl4vhepo4nzehagj4svkid.onion|8333|70016|/Satoshi:22.0.0/|1635245825|1037|706778|None|None|None|0.0|0.0|None|TOR|Tor network
3oc5rkq2wqkcchn7fuxaw5vdxirpbtk3lyaooinkoractc67w26gm2ad.onion|8333|70016|/Satoshi:0.21.1/|1635081530|1037|706744|None|None|None|0.0|0.0|None|TOR|Tor network
3om6ehgnleo35kshtfqmq3rnzfymmynbpcvobnczdt7y6j25hgws3vqd.onion|8333|70016|/Satoshi:22.0.0/|1635223996|1033|706763|None|None|None|0.0|0.0|None|TOR|Tor network
3p2sqallzwh6ydkpegefkx3ktpnq3frtvd4qgsjkhijxqwxiib22epyd.onion|8333|70016|/Satoshi:0.21.1/|1635196543|1037|706771|None|None|None|0.0|0.0|None|TOR|Tor network
3pao3w7gzyop2bkq.onion|8333|70015|/Satoshi:0.20.0/|1635192218|1037|706774|None|None|None|0.0|0.0|None|TOR|Tor network
3pb4ihqx7pgocb63xvffnn6uugj6uhkz47rs66kzzpewvvb7kkbuyoad.onion|8333|70016|/Satoshi:0.21.0/|1635008580|1037|0|None|None|None|0.0|0.0|None|TOR|Tor network
3pec6knhoj7mn2em6xsk7pyfa6gyedpybviy5kyxa37knnvgxzzukayd.onion|8333|70016|/Satoshi:0.21.0/|1635197336|1037|706778|None|None|None|0.0|0.0|None|TOR|Tor network
3pkkrnbwszm5mfmt.onion|8333|70015|/Satoshi:0.20.0/|1635204494|1037|706786|None|None|None|0.0|0.0|None|TOR|Tor network
3plxex376jhda6bx3q7272nmkftoqoljmyvhwctnoppfbo6xoqnrbuqd.onion|8333|70016|/Satoshi:22.0.0/|1635054936|1037|0|None|None|None|0.0|0.0|None|TOR|Tor network
3pnourav6kbtz43eiwv6jmqyb7qhss7rb5n2gssftrqd2j6ecyxkmryd.onion|8333|70016|/Satoshi:22.0.0/|1634839802|1037|0|None|None|None|0.0|0.0|None|TOR|Tor network
3pozhwqeni7riyakdl6hkz4c5no6fflygmhdf7cjbdyrou77mt7ak2yd.onion|8333|70016|/Satoshi:0.21.1/|1635226316|1033|706774|None|None|None|0.0|0.0|None|TOR|Tor network
3qbe5ib6prunzltz.onion|8333|70015|/Satoshi:0.18.1/|1635211892|1037|706784|None|None|None|0.0|0.0|None|TOR|Tor network
3r44ddzjitznyahw.onion|8333|70016|/Satoshi:0.21.0/|1634892891|1037|706750|None|None|None|0.0|0.0|None|TOR|Tor network
3rhdt5yfryeg7ik4tcpqg3rjgig5sdcbbfs5mzz2q5c4yxhfn36mf3yd.onion|8333|70016|/Satoshi:0.21.1/|1635148931|1037|706718|None|None|None|0.0|0.0|None|TOR|Tor network
3rpt6xun3sxivvtlri6bvntm3c3yanvlblxdfeqdaaaj7cvfh4am3eyd.onion|8333|70016|/Satoshi:0.21.0/|1635236782|1037|706774|None|None|None|0.0|0.0|None|TOR|Tor network
3rvnmydclhscovtnsuppcetsyg54pf4qtd7xpuuibrg4caevm6r3kqad.onion|8333|70016|/Satoshi:0.21.0/|1635107809|1032|706762|None|None|None|0.0|0.0|None|TOR|Tor network
3rwuiovcdxicjxjt32gdsxsa4w4gvvriruwjuhyomuqspgqs7cnbqcqd.onion|8333|70016|/Satoshi:22.0.0/|1635085741|1033|706720|None|None|None|0.0|0.0|None|TOR|Tor network
3s6ukhd4qqowabbbk7agiltof62f7s6xllkxthdu2fnbxfq5gf2eivid.onion|8333|70016|/Satoshi:0.21.1/|1635102449|1037|706764|None|None|None|0.0|0.0|None|TOR|Tor network
3sv2krzfaucijpwdm3pbdvnpptgat5bpxazrnuwz7wl4xd64cvvb2iid.onion|8333|70016|/Satoshi:0.21.0/|1635244899|1033|706774|None|None|None|0.0|0.0|None|TOR|Tor network
3swcngslzlid6w26sremfocxi4tf3y64f5egeyvqdymwymb4rg5t46yd.onion|8333|70016|/Satoshi:0.21.0/|1634456499|1037|706764|None|None|None|0.0|0.0|None|TOR|Tor network
3symagkebs5h3drux3rge3d6jhlbgo33lmwblobbqro5d6s7mwco44ad.onion|8333|70016|/Satoshi:22.0.0/|1635245219|1037|706774|None|None|None|0.0|0.0|None|TOR|Tor network
3szogrh4hfyt2b2dtou7lyaocztet66ii5n6zjfpc63foem77jyaxzqd.onion|8333|70016|/Satoshi:0.21.1/|1635110335|1037|706746|None|None|None|0.0|0.0|None|TOR|Tor network
3taro7v2deiantxx2rvsh22owa66tlvtbvvqhik67wwdk4inei4x5vqd.onion|8333|70016|/Satoshi:22.0.0/|1634904864|1037|706726|None|None|None|0.0|0.0|None|TOR|Tor network
3th3ijlblf6rgr75v3vno2hrhkp42pci37ywcs4luwbkjaj36qafgqqd.onion|8333|70016|/Satoshi:0.21.1/|1634624771|1037|706742|None|None|None|0.0|0.0|None|TOR|Tor network
3tnmu6biuyicwkhw3hr4ciqq7czqibb6ho243qt7bisweekgnulh4bid.onion|8333|70016|/Satoshi:0.21.0/|1635192752|1037|706778|None|None|None|0.0|0.0|None|TOR|Tor network
3tpbeteemou53yfzifzbbmhgq7avlrumtacstk62hlukw4vgt7ip54ad.onion|8333|70016|/Satoshi:0.21.1/|1634814680|1033|706764|None|None|None|0.0|0.0|None|TOR|Tor network
3trjhysqunxa77ru.onion|8333|70015|/Satoshi:0.18.1/|1635247193|1037|706776|None|None|None|0.0|0.0|None|TOR|Tor network
3u7bnjumglf7ijn23qx5idyartaxpgdegoj3uvllrev5ljijrfp5k4id.onion|8333|70016|/Satoshi:22.0.0/|1635227783|1037|706776|None|None|None|0.0|0.0|None|TOR|Tor network
3ufa3g5oeqvqg2yex2dzithbhypvgs7m5dvewudxtxvk6zq5ghzq3qqd.onion|8333|70016|/Satoshi:0.21.0/|1635151280|1037|706739|None|None|None|0.0|0.0|None|TOR|Tor network
3ukcmgotpivedada54vjtnzdrenxp4ezqx35mvnoedufiedrw4tsfqid.onion|8333|70016|/Satoshi:22.0.0/|1635222422|1037|706764|None|None|None|0.0|0.0|None|TOR|Tor network
3usd3ztxzrcmby4k5cuhsh57bcw5drq3fttiunu2zwyvkmssswgjnuad.onion|8333|70016|/Satoshi:22.0.0/|1634987559|1033|0|None|None|None|0.0|0.0|None|TOR|Tor network
3uu6p32au62appj45wjctlixbxav4qq4pueilao3icfrhde5z474dwad.onion|8333|70016|/Satoshi:0.21.0/|1634892332|1037|706771|None|None|None|0.0|0.0|None|TOR|Tor network
3uy4yodfly2a5oa4x3uvzqdgxa3s2tal4w7pu3sksjeles2uqtjvpcqd.onion|8333|70016|/Satoshi:0.21.0/|1635225482|1037|706742|None|None|None|0.0|0.0|None|TOR|Tor network
3vd2vxy7hnairwlsrcvbvxdsl5h6xgrvtfd2575e3fko6vlok6nrw2qd.onion|8333|70016|/Satoshi:0.21.1/|1635127077|1037|706771|None|None|None|0.0|0.0|None|TOR|Tor network
3vebnfmrzyd2x2ck54ukkx65jshomyf6nyhpk2bj4qqbsje24gjbxoad.onion|8333|70016|/Satoshi:0.21.1/|1634740063|1037|706782|None|None|None|0.0|0.0|None|TOR|Tor network
3vecwfswxiwzyaatiogdxwgmyk3fwlcwlyob4knwhve5tnkkwo7ahnyd.onion|8333|70016|/Satoshi:0.21.0/|1635217419|1037|706774|None|None|None|0.0|0.0|None|TOR|Tor network
3vk5vg72i36sbt5dnvykapxev7f7wyzqiwbzi6kumgxzibqsep3bwwad.onion|8333|70016|/Satoshi:0.21.0/|1635217425|1037|706769|None|None|None|0.0|0.0|None|TOR|Tor network
3vkcutusbjgmcfd62kuvm6sfka37mcb7uk4xmjtmrjd2foxkjfqbpiyd.onion|8333|70016|/Satoshi:0.21.0/|1635002719|1037|706772|None|None|None|0.0|0.0|None|TOR|Tor network
3vl2ujauzljdhcjpdysa2xm45ef2qbp2y6id6db3ry4cdut77mxbhrid.onion|8333|70016|/Satoshi:0.21.0/|1634746364|1037|0|None|None|None|0.0|0.0|None|TOR|Tor network
3vldedonqtbqaubw2rkywpxknaftmmhloojj4aq4cw6mme2yuzgzo5id.onion|8333|70016|/Satoshi:0.21.1/|1635243730|1037|706775|None|None|None|0.0|0.0|None|TOR|Tor network
3vuqupwbndrkfhhplaopgbh4mbrrkzuk2sovalvhbe234jewewspinad.onion|8333|70016|/Satoshi:0.21.1/|1634902814|1037|706769|None|None|None|0.0|0.0|None|TOR|Tor network
3wtheg6fgl5lyhpsc5szum4gekpch5igbbhc4dfqd46qh3utzdakblyd.onion|8333|70016|/Satoshi:22.0.0/|1635176229|1037|0|None|None|None|0.0|0.0|None|TOR|Tor network
3xba75aqmnc2tcybx6nqace4nne6dt42hfu5zi644z3f4txtoxo7fgid.onion|8333|70016|/Satoshi:0.21.1/|1635237487|1037|706774|None|None|None|0.0|0.0|None|TOR|Tor network
3xejlzg5xti5dk6dob7lnvypdbdvpl77mvv7h3gdrreqjwwjqlaegqqd.onion|8333|70016|/Satoshi:22.0.0/|1634934065|1037|706771|None|None|None|0.0|0.0|None|TOR|Tor network
3xfe6lc7spvvlstvcbkdxmwkqg6yg5wj62xgzxtnqvvy7icnjpopszad.onion|8333|70016|/Satoshi:22.0.0/|1634840559|1037|706774|None|None|None|0.0|0.0|None|TOR|Tor network
3xhtxxa262a65wmdsuyyi7gmuht35m3zodn5vdm45wv5y3i27ghknbid.onion|8333|70016|/Satoshi:22.0.0/|1635237844|1037|706764|None|None|None|0.0|0.0|None|TOR|Tor network
3xqfb3kzmly3xg2rujygxjdsqpnybx35kq5w353tq5hzqkagdwcdjsyd.onion|8333|70016|/Satoshi:22.0.0/|1635092373|1037|706770|None|None|None|0.0|0.0|None|TOR|Tor network
3xucqntxp5ddoaz5.onion|8333|70016|/Satoshi:0.21.0(@emzy)/|1634894431|1101|706746|None|None|None|0.0|0.0|None|TOR|Tor network
3ynzjwxhccb5xg2xgfb3o4pv5yb3mn7c4qwcow4fzxtlbefam6dobjid.onion|8333|70016|/Satoshi:0.21.1/|1634830690|1037|0|None|None|None|0.0|0.0|None|TOR|Tor network
3zknz5fqpnxhfvxylpagcwwmabxsgzsst3rk5iuvje3kc3sjtolwckyd.onion|8333|70016|/Satoshi:0.21.0/|1635240634|1037|706770|None|None|None|0.0|0.0|None|TOR|Tor network
3zqexdukhjuj7dcwahzebhg5y5yc7hbfl5aexpkysuiuiid33skea7ad.onion|8333|70016|/Satoshi:22.0.0/|1634812299|1033|706758|None|None|None|0.0|0.0|None|TOR|Tor network
3ztdhqyeoavvrpdxhh6mnfsatb2naqhdvhw5qbtw4odtntuls3z5s5qd.onion|8333|70016|/Satoshi:0.21.0/|1635107766|1037|706769|None|None|None|0.0|0.0|None|TOR|Tor network
3zw5r2cyskjwnqbm7b4g4btqt4ncfdnfqyi24iikudvmgvsptxcg5bad.onion|8333|70016|/Satoshi:22.0.0/|1634809721|1037|0|None|None|None|0.0|0.0|None|TOR|Tor network
3zxgo2m7jnyuzwav2ncae67vfj3rfbxbpfe3mvgwjimkjc2q34fscaqd.onion|8333|70016|/Satoshi:0.21.1/|1635055326|1037|706774|None|None|None|0.0|0.0|None|TOR|Tor network
3zyrfhmlu5g76o3rio2oxwl5zrpb4wo6reuf6isjvtcslnkc7ezoeryd.onion|8333|70016|/Satoshi:0.21.0/|1634846276|1037|706774|None|None|None|0.0|0.0|None|TOR|Tor network
425qvpbusaxbh7fl37t65zwut7vin3b6wbv5pbacksjqcx2cykunpvqd.onion|8333|70016|/Satoshi:0.21.1/|1635031716|1037|706774|None|None|None|0.0|0.0|None|TOR|Tor network
42ign52a5yjmfs27.onion|8333|70015|/Satoshi:0.20.0(dim-3500)/|1634778394|1032|0|None|None|None|0.0|0.0|None|TOR|Tor network
42ioqvqvf437a6hy.onion|8333|70015|/Satoshi:0.20.0/|1635109932|1037|706778|None|None|None|0.0|0.0|None|TOR|Tor network
42lmelfxagls4ups77utak2glwewpff7znnhincuhczlovnijdjcijyd.onion|8333|70016|/Satoshi:22.0.0/|1634881528|1037|706769|None|None|None|0.0|0.0|None|TOR|Tor network
42o6zvq5y3pghsoylb72s35sxgsyiaxs5qf62mrmajealdpp5gpvhxyd.onion|8333|70016|/Satoshi:0.21.1/|1635109493|1037|0|None|None|None|0.0|0.0|None|TOR|Tor network
42oapay3owkza6rza4ejd23xivt3hgfxx3j6kgcnctv7gc5flljuyead.onion|8333|70016|/Satoshi:0.21.1/|1635122208|1037|706771|None|None|None|0.0|0.0|None|TOR|Tor network
42zdba5u4z3izsom.onion|8333|70015|/Satoshi:0.20.0/|1635244894|1037|706786|None|None|None|0.0|0.0|None|TOR|Tor network
432aqvblw6get6hjyzwaj4oii7nriazzh65tbsqwqvowruutmocmziid.onion|8333|70016|/Satoshi:22.0.0/|1635204461|1033|0|None|None|None|0.0|0.0|None|TOR|Tor network
434zqtvqcdgwvi73jbumlav3grgqnw3xpchjwtsebpgkpt5hpflcr2ad.onion|8333|70016|/Satoshi:22.0.0/|1635178984|1037|0|None|None|None|0.0|0.0|None|TOR|Tor network
437z44jnyll5hcp3lpghq3wo5xyshuu6lowdak2byrtowairqktymbid.onion|8333|70016|/Satoshi:0.21.1/|1635226317|1037|706769|None|None|None|0.0|0.0|None|TOR|Tor network
43mvr2jg4dud3fjhdod2a4ow2no6ul7kdk77pmekonamvatfyiai7dad.onion|8333|70016|/Satoshi:0.21.1/|1635123830|1037|706746|None|None|None|0.0|0.0|None|TOR|Tor network
43slf3mjvkrolhzsetnr2kw5dzagnuskpv6h3c4yxqqjk342xde47wqd.onion|8333|70016|/Satoshi:0.21.0/|1635165136|1037|706747|None|None|None|0.0|0.0|None|TOR|Tor network
43wx5usdqjijfvrl.onion|8333|70015|/Satoshi:0.20.1/|1635177875|1037|706774|None|None|None|0.0|0.0|None|TOR|Tor network
442m35j3m2zqvyun.onion|8333|70015|/Satoshi:0.20.1/|1634767386|1033|706741|None|None|None|0.0|0.0|None|TOR|Tor network
44ay5neq3vlwcjapugl5xrvchez5p6nutp7ru4l64oopodnboj6vhvqd.onion|8333|70016|/Satoshi:0.21.1/|1635010340|1033|706760|None|None|None|0.0|0.0|None|TOR|Tor network
44bn2guey5ezlcu5mgbs4nc4mzufzgc62zmhzxsqhf42mkv7d7yw54qd.onion|8333|70016|/Satoshi:0.21.1/|1634752403|1037|706721|None|None|None|0.0|0.0|None|TOR|Tor network
44evnek6j5xhmj7t.onion|8333|70015|/Satoshi:0.20.0/|1635165939|1037|706760|None|None|None|0.0|0.0|None|TOR|Tor network
44l7svy6waqvxj4o523zszcseue2eisn2owl2w4zou3t3tv6aflcslyd.onion|8333|70016|/Satoshi:0.21.1/|1635222414|1033|706739|None|None|None|0.0|0.0|None|TOR|Tor network
44lrtv7xhqcubaryeulr2tranbw4ckhfw73a62s7n3t4jisy7zyoeuyd.onion|8333|70016|/Satoshi:0.21.1/|1635245218|1037|706774|None|None|None|0.0|0.0|None|TOR|Tor network
44tstgwnfwhq6sgl.onion|8333|70015|/Satoshi:0.20.1/|1634890868|1033|706774|None|None|None|0.0|0.0|None|TOR|Tor network
45xwdai242rm35ltjc2ckv7i7o7ypatb6im5aqb2c5mhgq7jhrjo54ad.onion|8333|70016|/Satoshi:0.21.0/|1635056117|1037|706771|None|None|None|0.0|0.0|None|TOR|Tor network
46564adcnggwads7ubaufkro4zovf63iudkdct2v7rxan4h2t35a73yd.onion|8333|70016|/Satoshi:22.0.0/|1634946817|1037|706771|None|None|None|0.0|0.0|None|TOR|Tor network
46fuvfw2l6kg4stsmm3xdjmbmdijhbygrtvi7f576m3ckddnib527zqd.onion|8333|70016|/Satoshi:0.21.1/|1635088075|1037|706756|None|None|None|0.0|0.0|None|TOR|Tor network
46n6itbknrnspe65m5yef6l7g6ju4rv5r52pk6nxdq4wqdrmqpjskuid.onion|8333|70016|/Satoshi:0.21.1/|1635230034|1037|706754|None|None|None|0.0|0.0|None|TOR|Tor network
46qtohivc4ixaxr437pil4rkxyluamuhum4hjdp7ygfmjw7li4ydojqd.onion|8333|70016|/Satoshi:0.21.0/|1634977574|1037|706774|None|None|None|0.0|0.0|None|TOR|Tor network
475kwludm6mzxnaax4uex6cy45nvghon4iw7l4fcdmpjcw5422y4ddid.onion|8333|70016|/Satoshi:22.0.0/|1635163801|1037|706774|None|None|None|0.0|0.0|None|TOR|Tor network
4765bbcyu4qtykgzf77r64ekmtq23yluvc3krlydr65bxgo5dzqljdqd.onion|8333|70016|/Satoshi:0.21.1/|1635190156|1033|0|None|None|None|0.0|0.0|None|TOR|Tor network
47crnq5ggwny3aa3kx2ornx22xrpngnoptobhpzkdt2wszgx2ismj7ad.onion|8333|70016|/Satoshi:0.21.1/|1635227783|1037|706762|None|None|None|0.0|0.0|None|TOR|Tor network
47dct6stawskicmvw6u2ubt6pzjink6hacomd2ddkcozg3mf66d2pgyd.onion|8333|70016|/Satoshi:0.21.1/|1634915995|1037|706772|None|None|None|0.0|0.0|None|TOR|Tor network
47iwngo3cv7q2svpzp6g2xurpxpp7jzh6el2uxjock5ox4yikerq7wqd.onion|8333|70016|/Satoshi:0.21.0/|1634952093|1037|706743|None|None|None|0.0|0.0|None|TOR|Tor network
47j6frezqc53c42vxxywsvkwh7njcsh4rrvtyzkvdlz2bs4dhicjszad.onion|8333|70016|/Satoshi:0.21.1/|1635002315|1033|0|None|None|None|0.0|0.0|None|TOR|Tor network
47jkuzjfson77uy7bsowizr54vx5rjqwydpwuszkacnl4cq7ymfq45ad.onion|8333|70016|/Satoshi:0.21.1/|1635071580|1037|706756|None|None|None|0.0|0.0|None|TOR|Tor network
47odurlhl73473kpqeo3mphqzeqkyltqpwtayzzsboziccnp47pew4yd.onion|8333|70016|/Satoshi:22.0.0/|1635189608|1037|0|None|None|None|0.0|0.0|None|TOR|Tor network
47xrek3nlhdeoums6kwk7iou66p2ql5frqsbzk2fjnkdvyq3shladnyd.onion|8333|70016|/Satoshi:0.21.1/|1635104066|1037|706770|None|None|None|0.0|0.0|None|TOR|Tor network
47y64zjq4ivxcwfxeoz6o3onrxqndjmr4smt6pepbe7zxysq5q7kbhyd.onion|8333|70016|/Satoshi:0.21.0/Knots:20210130/|1635016687|1037|0|None|None|None|0.0|0.0|None|TOR|Tor network
4aic32pohzakm5xt2lz6rsq3c2qjo5qh3nugod7nnqhwhb5yqhx3daid.onion|8333|70016|/Satoshi:0.21.0/|1634926440|1037|706760|None|None|None|0.0|0.0|None|TOR|Tor network
4aq6mwkdrbjkcgbaomlmkps3rrs57umsncqt2szbjcaefyfbqndaygyd.onion|8333|70016|/Satoshi:0.21.1/|1634856720|1033|706732|None|None|None|0.0|0.0|None|TOR|Tor network
4arpfod3pl3hna5kooprkupwoef4lwikotj7epajfv65h4pxwqu4y6yd.onion|8333|70016|/Satoshi:0.21.1/|1634940825|1037|0|None|None|None|0.0|0.0|None|TOR|Tor network
4auzif3knjtrbsc73sdtr5dosfhgqhg2scioisx3y3qflnzrf7ujhayd.onion|8333|70016|/Satoshi:0.21.0/|1634836732|1037|706746|None|None|None|0.0|0.0|None|TOR|Tor network
4az6u6ovbdhqq7htijra7x5hwvsnsjuljbrdapaesyqyzxxwaiwfsxqd.onion|8333|70016|/Satoshi:0.21.0/|1635196810|1037|706721|None|None|None|0.0|0.0|None|TOR|Tor network
4b4hig57gdw2ysqayqnucnrls23of5ghqf2vdgc2cv5ag5gocbkpokyd.onion|8333|70016|/Satoshi:0.21.1/|1635247191|1037|706777|None|None|None|0.0|0.0|None|TOR|Tor network
4b5ssswuoaomkds7ux5j7tjj55mcdr7lyjwgax7fcoepzw5y3fn34vad.onion|8333|70016|/Satoshi:0.21.0/|1634915985|1037|0|None|None|None|0.0|0.0|None|TOR|Tor network
4bfefkczpbxnln7hzrvemnsjaqrtjezybaakdht7e5wc242sacpizhid.onion|8333|70016|/Satoshi:22.0.0/|1635241071|1037|706771|None|None|None|0.0|0.0|None|TOR|Tor network
4bomcin7rtuogfac.onion|8333|70015|/Satoshi:0.20.1/|1635056146|1032|706754|None|None|None|0.0|0.0|None|TOR|Tor network
4brhwl2yl2ue76j77w2ifuthbn6docg7bemzztdop4kkqqagtm3xqyqd.onion|8333|70016|/Satoshi:0.21.1/|1634652390|1033|706759|None|None|None|0.0|0.0|None|TOR|Tor network
4bsht7c4gri3sakwojobt6k7or3jvyqfgs3ojxippkjj6t5ttjt6fayd.onion|8333|70016|/Satoshi:0.21.1/|1634533974|1033|706760|None|None|None|0.0|0.0|None|TOR|Tor network
4bv63ttkfexvdtie.onion|8333|70015|/Satoshi:0.20.1/|1635031010|1033|706717|None|None|None|0.0|0.0|None|TOR|Tor network
4cekav24slmyzn6v.onion|8333|70015|/Satoshi:0.20.1/|1635204780|1037|706776|None|None|None|0.0|0.0|None|TOR|Tor network
4cepwnmz7bbg3guzuzd54regkb5xuce5r6dag3cjcou4rgqbhd4xyyyd.onion|8333|70016|/Satoshi:22.0.0/|1635098452|1032|706770|None|None|None|0.0|0.0|None|TOR|Tor network
4cfdjyv3q5kfbfzxuwzwc6lc2is7s4kje2hnj3kllbbfav54m7enoqyd.onion|8333|70016|/Satoshi:0.21.0/|1635218167|1037|706776|None|None|None|0.0|0.0|None|TOR|Tor network
4cvof3fwe6sl5cd45zupx2qv43gp4szjfxw6zc3l3e7fm7h4necmrdad.onion|8333|70016|/Satoshi:0.21.1/|1634948046|1037|706734|None|None|None|0.0|0.0|None|TOR|Tor network
4cymnjdfdyeopucxiqicqcane7faxu5ze6cwuo2uocrn4mzof3ananid.onion|8333|70016|/Satoshi:22.0.0/|1635186305|1033|706778|None|None|None|0.0|0.0|None|TOR|Tor network
4d6o6xe3tm3oghlse2m5n2o2eeoronwc4nmapa3impsb5k2xhzlgmayd.onion|8333|70016|/Satoshi:22.0.0/|1634876408|1032|706741|None|None|None|0.0|0.0|None|TOR|Tor network
4djoy7q2eghd6sgkacagcg7ctraz4m2yyzt356l5ki2e4blqxk4nh5yd.onion|8333|70016|/Satoshi:22.0.0/|1635247186|1037|706776|None|None|None|0.0|0.0|None|TOR|Tor network
4doizzokhhz5nmki.onion|8333|70015|/Satoshi:0.20.0/|1635231236|1033|706774|None|None|None|0.0|0.0|None|TOR|Tor network
4e4w3fg3vvamjic2au3xfqznqext3yx2rocehp5k53fbguxmua2xbaqd.onion|8333|70016|/Satoshi:22.0.0/|1635200830|1033|706728|None|None|None|0.0|0.0|None|TOR|Tor network
4e6vlrijb34km65zdjev3ggftagou2rugkk6attqzkz3aydniqap26qd.onion|8333|70016|/Satoshi:0.21.1/|1634853027|1037|0|None|None|None|0.0|0.0|None|TOR|Tor network
4e7abs3agelkzhpg6fv4mgiucidmiq4yebxo2wazafincafs7diejnyd.onion|8333|70016|/Satoshi:0.21.1/|1634796305|1037|706728|None|None|None|0.0|0.0|None|TOR|Tor network
4ed4elz5lpxqpf53sxedejz5zr2s6bfygrdifmy6xoiq2c4akekhykad.onion|8333|70016|/Satoshi:0.21.0/|1635245220|1037|706774|None|None|None|0.0|0.0|None|TOR|Tor network
4edh4ut25kkw4yd2cf562oc4227dzbq7yr4nwphn2bcvnpsp74dmliyd.onion|8333|70016|/Satoshi:0.21.1/|1635033879|1033|706762|None|None|None|0.0|0.0|None|TOR|Tor network
4edwcopy5nskin3zur255h5y5iwgflyfw3eo3yjpnur3h22seqwcfaid.onion|8333|70016|/Satoshi:0.21.1/|1634839370|1037|706770|None|None|None|0.0|0.0|None|TOR|Tor network
4efu6qnzdi7wrbinddhkek5qpxh2s5lwazhupxifhav7ieqg54qb3sad.onion|8333|70016|/Satoshi:0.21.1/|1635213044|1037|706771|None|None|None|0.0|0.0|None|TOR|Tor network
4enq3rgjff74qzct.onion|8333|70015|/Satoshi:0.20.0/|1634934753|1037|706778|None|None|None|0.0|0.0|None|TOR|Tor network
4eqbg4j4ij4qwrn3wpy6crn3viz5soikeyttqld4mhp3ldq2hy54b7id.onion|8333|70016|/Satoshi:0.21.1/|1635245224|1037|706774|None|None|None|0.0|0.0|None|TOR|Tor network
4esecvhtrugmtrliuhjw6upklhuv7576fs73e6v26uecwik3redhyrid.onion|8333|70016|/Satoshi:0.21.1/|1635090901|1037|706717|None|None|None|0.0|0.0|None|TOR|Tor network
4eswjiubktmhtjl4ytasrdgldszpe7acnqaifcvmbi323qez6i2zpkqd.onion|8333|70016|/Satoshi:0.21.0/|1634938275|1037|0|None|None|None|0.0|0.0|None|TOR|Tor network
4eyodaodo73wsu4dztfy53j3w6k5vul42xuiokniklhgta4hclgg3gid.onion|8333|70016|/Satoshi:0.21.1/|1635235029|1037|706772|None|None|None|0.0|0.0|None|TOR|Tor network
4f5g4goeu5hr75beozyeztcwaq2ko4xngtnomgn5kqgjeb6jhbrhppqd.onion|8333|70016|/Satoshi:22.0.0/|1635096935|1037|706717|None|None|None|0.0|0.0|None|TOR|Tor network
4f73lpq35p6snj4fsef4kkpxqp6ki5zjv6zvojyk4gfan37cnjqfudyd.onion|8333|70016|/Satoshi:0.21.1/|1635216315|1037|706746|None|None|None|0.0|0.0|None|TOR|Tor network
4fbzloepjrttpljt.onion|8333|70015|/Satoshi:0.20.1/|1634952420|1033|706742|None|None|None|0.0|0.0|None|TOR|Tor network
4fkneno5hmxyawy5mhvyjqn4abjrlp4ow27mbgfwwfneo5twwrkdk4ad.onion|8333|70016|/Satoshi:22.0.0/|1635217025|1033|706738|None|None|None|0.0|0.0|None|TOR|Tor network
4fpjffwmu67rrpvbogtnxdulo4disyvczhgjwlhghhx3jfkhbbv6gmqd.onion|8333|70016|/Satoshi:22.0.0/|1634826105|1037|706774|None|None|None|0.0|0.0|None|TOR|Tor network
4fvdnfoqce3tqz4z.onion|8333|70015|/Satoshi:0.19.1/|1634983014|1033|706757|None|None|None|0.0|0.0|None|TOR|Tor network
4g6ozop3354etcyozxhjfn2oc6o4z5w6nimrum76ccs4kdfm2ktl5had.onion|8333|70016|/Satoshi:22.0.0/|1635192497|1037|0|None|None|None|0.0|0.0|None|TOR|Tor network
4glwqmmlagculw7b23slt5w6j7hzolu3cm2koiytsoknptgrsq3uusid.onion|8333|70016|/Satoshi:22.99.0/|1635176231|1033|706746|None|None|None|0.0|0.0|None|TOR|Tor network
4gm7lucpe2tg6b6soc2boidrbw5vhfyfivtqjvi7cwraimkpjjatsoad.onion|8333|70016|/Satoshi:0.21.1/|1634965054|1037|706754|None|None|None|0.0|0.0|None|TOR|Tor network
4gqzyvlnrdmkznw7.onion|8333|70015|/Satoshi:0.20.1/|1635230424|1033|706749|None|None|None|0.0|0.0|None|TOR|Tor network
4h2iytmtylrbi2bsd7zfkmcnqrohfwmttvfiib2bnzxjantl36iotzqd.onion|8333|70016|/Satoshi:22.0.0/|1635194532|1037|706771|None|None|None|0.0|0.0|None|TOR|Tor network
4hb2hh7rkhngqpy3mjqbhr46y2jfqvli7fazhqgtccsoxqzwe45wgpid.onion|8333|70016|/Satoshi:0.21.0/|1634811141|1037|706774|None|None|None|0.0|0.0|None|TOR|Tor network
4hbusb3zjs2o2ou6jb6z4tljpshh2uhdf6uics3vt7amzmgazvpjaxyd.onion|8333|70016|/Satoshi:0.21.1/|1635248224|1033|706778|None|None|None|0.0|0.0|None|TOR|Tor network
4hhd2nd2fdgrlqygvogn7k5whdgrsolbany6ddzobvh7zfxgai524gid.onion|8333|70016|/Satoshi:0.21.1/|1635213037|1037|706740|None|None|None|0.0|0.0|None|TOR|Tor network
4hxlbwoxjkavnwak7etgctss7r2tvmcyyzqswfmuxfkr5d3lcaonfvad.onion|8333|70016|/Satoshi:22.0.0/|1635080070|1037|706744|None|None|None|0.0|0.0|None|TOR|Tor network
4i7rswxcexd2klhnpjwgqmevnkrxc4fatphrvrh4twfawhfdyxsu5mid.onion|8333|70016|/Satoshi:0.21.1/|1635045623|1033|706771|None|None|None|0.0|0.0|None|TOR|Tor network
4ifed7asbw24ckf5.onion|8333|70015|/Satoshi:0.20.1/|1634671413|1037|706774|None|None|None|0.0|0.0|None|TOR|Tor network
4ijlrazp2oofi7dji4onx5pjleawn2jawtikei4phibryfdgcsnkwjqd.onion|8333|70016|/Satoshi:0.21.0/|1635235037|1037|706771|None|None|None|0.0|0.0|None|TOR|Tor network
4ijw2s3iendtajr2rixxvjublfzzr6i45e2t6kp3gbrlwchqlgdpanyd.onion|8333|70016|/Satoshi:0.21.1/|1635167785|1037|706764|None|None|None|0.0|0.0|None|TOR|Tor network
4iopluprjlthr36nypbabo7auvywxihhae66fziuow5mx6qo7coklwad.onion|8333|70016|/Satoshi:22.0.0/|1635225889|1037|706754|None|None|None|0.0|0.0|None|TOR|Tor network
4iwuqgeitomk22cyr7vxi27qkucy3v5qd2etivhfimhzx2g2jqnft5id.onion|8333|70016|/Satoshi:0.21.1/|1635214860|1032|706778|None|None|None|0.0|0.0|None|TOR|Tor network
4iyxjttfhqiuqsgyyd43xtsmxlun56j4rgl6mcsd2xvk2zorx2wez3qd.onion|8333|70016|/Satoshi:0.21.1/|1635248559|1033|706778|None|None|None|0.0|0.0|None|TOR|Tor network
4j2vuall6u5ab5ckxgn6inhjntjhofirq2ayi755zm7la3y4b3e4amid.onion|8333|70016|/Satoshi:22.0.0/|1634852215|1037|706777|None|None|None|0.0|0.0|None|TOR|Tor network
4j4p5lbuoxria44sd7dgtlpbao6z4fdlvqkdgibfcjxmku3ummysxiad.onion|8333|70016|/Satoshi:0.21.0/|1635239629|1037|706771|None|None|None|0.0|0.0|None|TOR|Tor network
4jihvlllo4uhpmysdaugfkfwkeiuuijtnzrgkkxadpsm537pjtaw33id.onion|8333|70016|/Satoshi:0.21.0/|1634781689|1037|706742|None|None|None|0.0|0.0|None|TOR|Tor network
4jmhipld3nptgrpb7goij3sgid7pyvxpotuyvzeeqerhfqctx45crqqd.onion|8333|70016|/Satoshi:0.21.1/|1635148331|1037|706760|None|None|None|0.0|0.0|None|TOR|Tor network
4juqn44mv36jczoebjoacsbporvmb55dnz2jlztnsdbpavm7dwzelaad.onion|8333|70016|/Satoshi:0.21.1/|1635222416|1037|706764|None|None|None|0.0|0.0|None|TOR|Tor network
4k2mtwratasxqfobrci2gg4zxqydr55j6bmmga5mgcesevoqqs3cdgad.onion|8333|70016|/Satoshi:0.21.0/|1634834793|1033|0|None|None|None|0.0|0.0|None|TOR|Tor network
4kkr77tdzmbvj3w5.onion|8333|70015|/Satoshi:0.18.1/|1635176770|1037|706774|None|None|None|0.0|0.0|None|TOR|Tor network
4klglq3yi5gpuwgu6hy7hj7m7bi2jecrhrvpw244gkbdp65meobhfxqd.onion|8333|70016|/Satoshi:0.21.0/|1635204501|1037|706771|None|None|None|0.0|0.0|None|TOR|Tor network
4knbaswymzqyjvz34co3yxqxtt5d6qw7vexfnc7sx5mxnnben3tkrpyd.onion|8333|70016|/Satoshi:0.21.1/|1635159611|1033|706742|None|None|None|0.0|0.0|None|TOR|Tor network
4ksiubcsc2lr6psn.onion|8333|70015|/Satoshi:0.20.0/|1635193790|1037|706771|None|None|None|0.0|0.0|None|TOR|Tor network
4kyvtkvqybqzbuixc2ljn2pgmj74wcdsgwlgavhcifcreqcyt5prmlyd.onion|8333|70016|/Satoshi:0.21.0/|1635186586|1037|706756|None|None|None|0.0|0.0|None|TOR|Tor network
4lj72rs7nko6xywr.onion|8333|70015|/Satoshi:0.20.0/|1635056144|1033|706786|None|None|None|0.0|0.0|None|TOR|Tor network
4lpjjoldzpim5zauwvdtklx5zyg2q7car5woxpg4pfc2plgl42fidpqd.onion|8333|70016|/Satoshi:0.21.0/|1635244920|1037|706774|None|None|None|0.0|0.0|None|TOR|Tor network
4lr3w2iyyl5u5l6tosizclykf5v3smqroqdn2i4h3kq6pfbbjb2xytad.onion|8333|70016|/Satoshi:0.21.1/|1635172332|1037|706770|None|None|None|0.0|0.0|None|TOR|Tor network
4lupwevernivoilmxepxn5iqgxdxnynrp7ga55j545m6oki44l3ti2qd.onion|8333|70016|/Satoshi:0.21.1/|1635071590|1033|0|None|None|None|0.0|0.0|None|TOR|Tor network
4lyxq4wh7txkfg5id2t2gnj5hwzticnaxyddxgbew4kbfad4g27mbvad.onion|8333|70016|/Satoshi:0.21.1/|1635088733|1037|706759|None|None|None|0.0|0.0|None|TOR|Tor network
4mcpufmubtgjc6r6ppjfyjytlzs3d7625wglxmm56u326zrhwk2esmqd.onion|8333|70016|/Satoshi:0.21.0/|1635213042|1037|706748|None|None|None|0.0|0.0|None|TOR|Tor network
4mjm3436rm2zmgyp.onion|8333|70015|/Satoshi:0.20.1/|1635223206|1037|706784|None|None|None|0.0|0.0|None|TOR|Tor network
4ms37w4f7oo6tzpz.onion|8333|70016|/Satoshi:0.21.1/|1635243757|1033|706786|None|None|None|0.0|0.0|None|TOR|Tor network
4mzgpeee4lwityewvcx4lmdjdq5dw6hpjo6wdy5daig5ur7vbmjvlnqd.onion|8333|70016|/Satoshi:0.21.1/|1635223189|1037|706764|None|None|None|0.0|0.0|None|TOR|Tor network
4n7hyi7jgiqrlfmlqwblckqqittnoj6n33iixlmz3tplbpels33z76id.onion|8333|70016|/Satoshi:22.0.0/|1635060065|1037|706771|None|None|None|0.0|0.0|None|TOR|Tor network
4nkzmwpb3s2tzhhhxf64xxfaskgyehtkmc57tfoyn33vnl6r3dyt7jid.onion|8333|70016|/Satoshi:0.21.1/|1634844310|1037|0|None|None|None|0.0|0.0|None|TOR|Tor network
4nn6qucg27hqloxdsssxjuzuchnk7574tp4mtd5mix2qcw746bkfrcyd.onion|8333|70016|/Satoshi:0.21.0/|1634779905|1033|0|None|None|None|0.0|0.0|None|TOR|Tor network
4no7pyyjbdjjaix2durtsn53z4f27fe4jhsjykqmsht5xakbn3xz4nad.onion|8333|70016|/Satoshi:22.0.0/|1635003091|1037|706778|None|None|None|0.0|0.0|None|TOR|Tor network
4ntzi4hdcwl74ojk6p7iol2ruhqq6pg6cpapj2pvhdwmnifw5so5ktqd.onion|8333|70016|/Satoshi:22.0.0/|1635074930|1037|706760|None|None|None|0.0|0.0|None|TOR|Tor network
4nz5hs756wrox5zr33ucx5f46pv57lffhl5ubv5tzduc34qdz556mayd.onion|8333|70016|/Satoshi:0.21.0/|1635176499|1037|706774|None|None|None|0.0|0.0|None|TOR|Tor network
4o5qmluj2ztcinhbjkfc6fa7mbsll3widjlv2fgulp2sap4eplr6ptad.onion|8333|70016|/Satoshi:22.0.0/|1634283300|1037|706717|None|None|None|0.0|0.0|None|TOR|Tor network
4ofuy6wc3gygoyoja55qnyqdy5odncbur6e6rica3spok7djlqqwqjyd.onion|8333|70016|/Satoshi:0.21.1/|1634902089|1037|0|None|None|None|0.0|0.0|None|TOR|Tor network
4ontskqngbw33uy7mrpytccccfmexh3hgjbuczod2p5ozm54uduliayd.onion|8333|70016|/Satoshi:0.21.1/|1635241033|1037|706771|None|None|None|0.0|0.0|None|TOR|Tor network
4owfxkm72pu3chhtsfpwsvckhfvbgoqskgglipqp7rjiv2jnm6zdnfad.onion|8333|70016|/Satoshi:0.21.1/|1635094248|1033|0|None|None|None|0.0|0.0|None|TOR|Tor network
4oxz5b3krc3mwea62d6hvpeszvi6idieztluoeb2zi66bskyhcysuoad.onion|8333|70016|/Satoshi:0.21.1/|1635212653|1037|706774|None|None|None|0.0|0.0|None|TOR|Tor network
4oz36kbnfvuwqvcyfwrrab3m73lztszpqtmrdvptcf6rijccjf3ewyqd.onion|8333|70016|/Satoshi:0.21.0/|1635008572|1033|0|None|None|None|0.0|0.0|None|TOR|Tor network
4p26d7defsis7lx5h7px7zycdttx6o56nu6sh6vlvf7bjcoadhdp3syd.onion|8333|70016|/Satoshi:0.21.0/|1635215240|1033|706774|None|None|None|0.0|0.0|None|TOR|Tor network
4p3amro5swy47o2few7fpvtywvj33b4l7yoblzgwlqsdmkuarva6j2id.onion|8333|70016|/Satoshi:0.21.1/|1635080402|1033|0|None|None|None|0.0|0.0|None|TOR|Tor network
4p4udm74aetswfobey6k647k5fb6uz2wquat32acwebqmxol2vs7anad.onion|8333|70016|/Satoshi:0.21.1/|1634991304|1037|706767|None|None|None|0.0|0.0|None|TOR|Tor network
4pennlrd6s4eimottrvi6tlyctxgkmqw4hvq6ahlyof7y77cho6vg6qd.onion|8333|70016|/Satoshi:0.21.1/|1635101136|1032|0|None|None|None|0.0|0.0|None|TOR|Tor network
4pi2e3yutmaxbk6nt7xemwfwjcgrohsmyiltvasxxaedaao73dbmjtyd.onion|8333|70016|/Satoshi:0.21.0/|1634999746|1037|706745|None|None|None|0.0|0.0|None|TOR|Tor network
4pmzvoleykdoimrqcohxa6ysy2c3zhezszu6bt3daelrmkp52pik3vad.onion|8333|70016|/Satoshi:0.21.1/|1635105292|1033|0|None|None|None|0.0|0.0|None|TOR|Tor network
4ptg37vog7kqvkydbgc2hhxjl5oqiemk4dzog7ghk6rjmoob7cpdhyqd.onion|8333|70016|/Satoshi:0.21.1/|1635015759|1037|0|None|None|None|0.0|0.0|None|TOR|Tor network
4pwq5nj7phtzytszvq63eq2uptnthip2mqgkuk2ksstlvd2eii5fk3yd.onion|8333|70016|/Satoshi:0.21.0/|1635241033|1037|706771|None|None|None|0.0|0.0|None|TOR|Tor network
4qdk6euvxlhi6tqofisu5l6qqqr2o7tmrrznxgbzutrosfe4hprzgzqd.onion|8333|70016|/Satoshi:0.21.1/|1634528093|1033|706746|None|None|None|0.0|0.0|None|TOR|Tor network
4qdzguu7d2zh4drfjjrr5vx3cae7tbdrr24pbvj65e2ehavupxoadzad.onion|8333|70016|/Satoshi:0.21.1/|1634900739|1037|0|None|None|None|0.0|0.0|None|TOR|Tor network
4qjq5dgimqemm5fi7otvsp6ca73vg4ua57fokcbhdsvpohkdsgesiiid.onion|8333|70016|/Satoshi:0.21.0/|1635223200|1037|706778|None|None|None|0.0|0.0|None|TOR|Tor network
4qm6fpi4kldk6iueflzyvyq6utczyygwdelfj6ykmgpg7xvbv46mmvad.onion|8333|70016|/Satoshi:22.0.0/|1635192483|1037|706769|None|None|None|0.0|0.0|None|TOR|Tor network
4qmogy6petsvvbnffhvmsagbmh3yrq53j4euz72ym3bw2p5kfesbcdyd.onion|8333|70016|/Satoshi:0.21.1/|1635230029|1033|706776|None|None|None|0.0|0.0|None|TOR|Tor network
4qqb5xvx2weqtlkftw26gspe7bnvpt5v3th3depk2socrvrhcuspqzyd.onion|8333|70016|/Satoshi:0.21.1/|1635244576|1037|706776|None|None|None|0.0|0.0|None|TOR|Tor network
4qu3p3l6zqs5iff7atyevhjlh7n5km3e4yonqn6va55j5ledpd4cddid.onion|8333|70016|/Satoshi:0.21.1/|1634827341|1037|706717|None|None|None|0.0|0.0|None|TOR|Tor network
4qwpccpibuiazplbfqaqdtcn7ckqyamunaisy6uk6pbmj46vryrzqmad.onion|8333|70016|/Satoshi:0.21.0/|1635106934|1033|706750|None|None|None|0.0|0.0|None|TOR|Tor network
4rigyqxe5mzzdqudi34jfpdfspltf66mgrb6y73vm7fuv6jbhdtmzjad.onion|8333|70016|/Satoshi:0.21.1/|1635248218|1037|706778|None|None|None|0.0|0.0|None|TOR|Tor network
4rksjfrw3tpr3ehlkqyq5skkeg6sfreszxs3x3jhrtcre4q544m242yd.onion|8333|70016|/Satoshi:22.0.0/|1635028430|1037|0|None|None|None|0.0|0.0|None|TOR|Tor network
4rkw7h7dcbrctqdxu5wxsm5pi2hziyjw6xn54s7pujdqibykxn2kxrad.onion|8333|70016|/Satoshi:0.21.1/|1635217023|1037|706748|None|None|None|0.0|0.0|None|TOR|Tor network
4romrdxmfs6dh7ln.onion|8333|70015|/Satoshi:0.20.0/|1635217418|1033|706772|None|None|None|0.0|0.0|None|TOR|Tor network
4rw5m6ctwzgagiuwjtjlt7pltzk7sfvxeqzh22yswqkjfyrnvnbs5ayd.onion|8333|70016|/Satoshi:0.21.0/|1635232852|1037|706769|None|None|None|0.0|0.0|None|TOR|Tor network
4rwuweqpdghnwehu6hxz2r3m6d7zhwkjjps32hgf4bm7bto3sbw7eeqd.onion|8333|70016|/Satoshi:22.0.0/|1635239259|1037|706769|None|None|None|0.0|0.0|None|TOR|Tor network
4s2iyj7guq65pgmelzxh5ymifunaiebbokv2dueks24g3qkxhbfanoad.onion|8333|70016|/Satoshi:0.21.1/|1635247187|1032|706776|None|None|None|0.0|0.0|None|TOR|Tor network
4sbfm5ekzrsnkgnwerrdn4cx4dwlsu5acrp2mdmz5ywt6csrzwme5vad.onion|8333|70016|/Satoshi:0.21.0/|1635119720|1037|706748|None|None|None|0.0|0.0|None|TOR|Tor network
4slmqoyiv3xwx2icowmieeqpkrf3wmxj6b5xr5b2vivdafp4njjwopyd.onion|8333|70016|/Satoshi:22.0.0/|1635242140|1037|706771|None|None|None|0.0|0.0|None|TOR|Tor network
4swollcls2x6okde6ml6erii5mwpeftg4dxz5bzylqtng6xs7csugzad.onion|8333|70016|/Satoshi:0.21.1/|1635248556|1033|706778|None|None|None|0.0|0.0|None|TOR|Tor network
4sxm77ymcytej3e65zhflbf6qb7qb6on5wbffnhcqhv2nmarsq7ijzid.onion|8333|70016|/Satoshi:0.21.1/|1635243726|1037|706774|None|None|None|0.0|0.0|None|TOR|Tor network
4t4nkf5vpjxa4pcw.onion|8333|70015|/Satoshi:0.20.0/|1634818209|1037|706783|None|None|None|0.0|0.0|None|TOR|Tor network
4t6hah3g3bs3atyjif55rvgl3vcfh2hvylyr5pjc2rsqv5gscxmbinid.onion|8333|70016|/Satoshi:22.0.0/|1635223194|1037|706774|None|None|None|0.0|0.0|None|TOR|Tor network
4ta6xoswlk6borw2otwexc4rkxy4rx63vlp2b54dru7cwxi26fxjuhid.onion|8333|70016|/Satoshi:0.21.0/|1634939250|1037|0|None|None|None|0.0|0.0|None|TOR|Tor network
4tb2jakibgsjshww675e7v7gayteyhu65z2f5umki2267waj6nktouid.onion|8333|70016|/Satoshi:0.21.1/|1635132329|1037|706771|None|None|None|0.0|0.0|None|TOR|Tor network
4tfvv2hcc7n4ao3f7t2z4hswe7vcok26t6al53mprdfjn53kpdfra4qd.onion|8333|70016|/Satoshi:0.21.0/|1635104092|1037|706742|None|None|None|0.0|0.0|None|TOR|Tor network
4tgt7ruwlghf25khyzsnjyglpojf2qcvwfnhexk4f5whrowztkcmj3ad.onion|8333|70016|/Satoshi:0.21.1/|1635096584|1037|0|None|None|None|0.0|0.0|None|TOR|Tor network
4tlsqsriarykdrgbz3k5a5j77akgnzymlhztyeuvmrmz4ityg3pnxpyd.onion|8333|70016|/Satoshi:22.0.0/|1635098875|1037|706756|None|None|None|0.0|0.0|None|TOR|Tor network
4tmowx5yijm3wot7xbpz4lzk7nlypg2pzvrxlj5itblogufz2vysllyd.onion|8333|70016|/Satoshi:0.21.1/|1635219282|1037|706756|None|None|None|0.0|0.0|None|TOR|Tor network
4tta7bfd5i3zb6qw726fxm5mxi4djiggcfgootwweyymvpbn3jz6lqqd.onion|8333|70016|/Satoshi:0.21.0/|1634862182|1033|706771|None|None|None|0.0|0.0|None|TOR|Tor network
4ttygy5ye2a4s7jytssrxt24odhahylcby2hnrnz4n7pikrs4uukuiid.onion|8333|70016|/Satoshi:0.21.0/|1635245214|1037|706774|None|None|None|0.0|0.0|None|TOR|Tor network
4ucgncyj4kuuhkybawlyi7fntzxtt35khdf2tjvlnvh67r7qny4fbiad.onion|8333|70016|/Satoshi:0.21.1/|1635133033|1033|706720|None|None|None|0.0|0.0|None|TOR|Tor network
4ucjzdfgkagodchcfvd74dk3xw265cv634g3m2acqzojmmhthxnqb2ad.onion|8333|70016|/Satoshi:0.21.0/|1634896459|1037|706729|None|None|None|0.0|0.0|None|TOR|Tor network
4ug7n7lox5l5454hx4nvt57u5gfsezcxrzloijc7yni33dqg2jkk7tqd.onion|8333|70016|/Satoshi:0.21.1/|1635230035|1037|706748|None|None|None|0.0|0.0|None|TOR|Tor network
4ul6hoot5hmfpnx7tr4li5tfj6u7x74peo3mz3qfoyddnc5qrcssuvad.onion|8333|70016|/Satoshi:0.21.1/|1635239630|1033|706772|None|None|None|0.0|0.0|None|TOR|Tor network
4upvr6aqgfeyyz2u5dchzhknczmynw2etmqdo4thpv3jvqhgfm6zvzad.onion|8333|70016|/Satoshi:22.0.0/|1635214854|1037|706774|None|None|None|0.0|0.0|None|TOR|Tor network
4upzav3i6ekwv2kzr7jvrnk3tyejdiafiedjunvba7oejrvd2ycxryad.onion|8333|70016|/Satoshi:22.0.0/|1635212647|1033|706720|None|None|None|0.0|0.0|None|TOR|Tor network
4uswcfitw4mb5sv6nnp74rcfbdqqrvzi76j6vlpvg2xkmzdrcblzhlqd.onion|8333|70016|/Satoshi:0.21.1/|1634844295|1037|0|None|None|None|0.0|0.0|None|TOR|Tor network
4uucuvw34dspbyq3222cfg74lhzibo32o66q27swdxysyfistoahj5qd.onion|8333|70016|/Satoshi:0.21.0/|1635224002|1037|706741|None|None|None|0.0|0.0|None|TOR|Tor network
4uuzmvllav5lgx3lfp3to2stubtmqtf3ekpnyuezlgwl5rmccnomwaad.onion|8333|70016|/Satoshi:0.21.1/|1634729619|1037|706739|None|None|None|0.0|0.0|None|TOR|Tor network
4uvc7exjh5oltva6apeneoawwtmgw2bvp5sbgx4wrwio5ipzqdvuokyd.onion|8333|70016|/Satoshi:0.21.1/|1635177890|1037|706741|None|None|None|0.0|0.0|None|TOR|Tor network
4uzsm4nto54dc5yoq5ny6vayaobusu6iypc7gvh4loizxk5spxc6t4qd.onion|8333|70016|/Satoshi:0.21.1/|1634966268|1037|706746|None|None|None|0.0|0.0|None|TOR|Tor network
4vimrbt2uui6lvqf74lgr2kkmsec6wdtjj7o5rfieegyfap2yrk6nlqd.onion|8333|70016|/Satoshi:0.21.1/|1635184745|1037|0|None|None|None|0.0|0.0|None|TOR|Tor network
4vv5mvjkds5i7xgy.onion|8333|70015|/Satoshi:0.18.0/|1634776508|1037|706783|None|None|None|0.0|0.0|None|TOR|Tor network
4vyq4xjk6awxyzf2xwx5by4opuipje56hfrc4u42omz3khxx7bddyeyd.onion|8333|70016|/Satoshi:0.21.0/|1635034246|1033|0|None|None|None|0.0|0.0|None|TOR|Tor network
4vyyn45ex7h57yukdpur4f6tzeuybj7ob24gnuetmndeuyhep3xcdhyd.onion|8333|70016|/Satoshi:22.0.0/|1635183159|1037|706741|None|None|None|0.0|0.0|None|TOR|Tor network
4whbvyotiwbxdgsooovs7axoipxuql7mpqmi5quzq7wghtwqxlff4kid.onion|8333|70016|/Satoshi:0.21.1/|1635228558|1033|706746|None|None|None|0.0|0.0|None|TOR|Tor network
4wmuv2vy2prgrjwv5eo6stvdwoqdril43wnld5cgcbtnf7stmjiedrqd.onion|8333|70016|/Satoshi:0.21.0/|1635244902|1037|706776|None|None|None|0.0|0.0|None|TOR|Tor network
4wpk56ivqt2zs5qdvxefltqh7by5su7eiiszdus2mbp3bcyvynbpjiid.onion|8333|70016|/Satoshi:22.0.0/|1635247179|1037|706777|None|None|None|0.0|0.0|None|TOR|Tor network
4x6e4ki4uwsiabb3ug4rvme6nw7u6g7li67h5t3y64vwozg6rgahkfid.onion|8333|70016|/Satoshi:0.21.1/|1634955480|1037|706759|None|None|None|0.0|0.0|None|TOR|Tor network
4xgl72bintij7jsgarymgmtdkrdts2a5umoacqzxw3yiy7cyb77liyad.onion|8333|70016|/Satoshi:0.21.0/|1635241033|1037|706771|None|None|None|0.0|0.0|None|TOR|Tor network
4xkp5ye4rkodphz3.onion|8333|70015|/Satoshi:0.20.1/|1635077249|1033|706771|None|None|None|0.0|0.0|None|TOR|Tor network
4xtel2fdutnvqjnapqg36hnhhasp4kxlffw7b5lif27h3qkyktqe64ad.onion|8333|70016|/Satoshi:0.21.0/|1635219668|1037|706755|None|None|None|0.0|0.0|None|TOR|Tor network
4y5vbi4cpmhklehenvhxyrrktzanxq2mcwau2qbpwwmeb3l34bg6nkid.onion|8333|70016|/Satoshi:22.0.0/|1635150219|1037|706771|None|None|None|0.0|0.0|None|TOR|Tor network
4yaje7folwznv4yqes5jaxww36fbl7xgehfium3zprmtkkxmxhtrdcid.onion|8333|70016|/Satoshi:22.0.0/|1635244899|1033|706778|None|None|None|0.0|0.0|None|TOR|Tor network
4ybnxgibqwfkap2whfxuhfyfj3lgyhm5rkxvtbkjxfjoamwrrhvjbbqd.onion|8333|70016|/Satoshi:0.21.1/|1635177868|1037|706760|None|None|None|0.0|0.0|None|TOR|Tor network
4yhbhgp7x4676rcbmpzbi7tljgzbwr5fjjckwpxnb3zo2qb3zwugpyad.onion|8333|70016|/Satoshi:0.21.0/|1635132333|1037|706771|None|None|None|0.0|0.0|None|TOR|Tor network
4yiqubuitlnhyggfunw54ox2q3dih53aoy2gmskhcwirn6xctoyelfid.onion|8333|70016|/Satoshi:0.21.0/|1635124164|1033|706771|None|None|None|0.0|0.0|None|TOR|Tor network
4ysl3guikkq3ov4ruow5r6gbltg2h36x5x2jmhjebq6l4xhnivy7cjid.onion|8333|70016|/Satoshi:0.21.1/|1635002320|1033|0|None|None|None|0.0|0.0|None|TOR|Tor network
4yx6rsyfvnvuqljri6n6r4efac3xjzlpkiizmqcjkjguljww5ifoiwyd.onion|8333|70016|/Satoshi:0.21.1/|1635226319|1033|706745|None|None|None|0.0|0.0|None|TOR|Tor network
4z7cdpnxnha3povy.onion|8333|70015|/Satoshi:0.20.1/|1635127066|1033|706755|None|None|None|0.0|0.0|None|TOR|Tor network
4z7p2qt4nef4jl5vdlvnqlbl4rynbyyi2omoi4phvhetunfs6prqnsqd.onion|8333|70016|/Satoshi:0.21.0/|1634537683|1037|706771|None|None|None|0.0|0.0|None|TOR|Tor network
4zaaebscliu676ho63quiqwg6nds4b5asj5fhuypjhtzpwnxswywmuqd.onion|8333|70016|/Satoshi:22.0.0/|1634830173|1037|0|None|None|None|0.0|0.0|None|TOR|Tor network
4zlzkb3djfi3ve6mpwabak2tdibsih3xfj2fnjq7b6actvmzqnknb4qd.onion|8333|70016|/Satoshi:0.21.0/|1635234700|1037|706764|None|None|None|0.0|0.0|None|TOR|Tor network
4znalg7cikguagz3y5duprzbxxtozje3jdbosdrw6rfo5v7j5n3xegad.onion|8333|70016|/Satoshi:22.0.0/|1635243725|1033|706774|None|None|None|0.0|0.0|None|TOR|Tor network
4znjzgjo6zoufonpo3q72p5vacwe7tjfelmtxhmxfqrpdeikqytabnyd.onion|8333|70016|/Satoshi:0.21.1/|1634910717|1033|706764|None|None|None|0.0|0.0|None|TOR|Tor network
4zsjnom32lcesnggwdhryiht32be5whv4zoqej7sdbonhizvv6sbvhad.onion|8333|70016|/Satoshi:0.21.1/|1634732204|1037|706774|None|None|None|0.0|0.0|None|TOR|Tor network
4zuvsm5h6div5v2tb4eg3lf4vwmye2o5e4hgudtjqaurc5ltkhyt6nyd.onion|8333|70016|/Satoshi:0.21.1/|1634847939|1037|706738|None|None|None|0.0|0.0|None|TOR|Tor network
52ambedmfvzlwgxs.onion|8333|70015|/Satoshi:0.20.1/|1634813179|1037|706774|None|None|None|0.0|0.0|None|TOR|Tor network
52cawcafaswleiedcprfs4y7bp3vn4qaknjl3j64bcjunixryjxpozyd.onion|8333|70016|/Satoshi:0.21.1/|1635132328|1037|706778|None|None|None|0.0|0.0|None|TOR|Tor network
52gp5zykila7zbv3rxgoorokkigcxglzmunchnz3wnj5qa5sessrnkqd.onion|8333|70016|/Satoshi:0.21.1/|1635242538|1033|706772|None|None|None|0.0|0.0|None|TOR|Tor network
52iek3nfh6wp3yclhjkqfujmbmvuttr7z7ib7dl6xsjhwyisnrnukryd.onion|8333|70016|/Satoshi:0.21.1/|1634946799|1033|706723|None|None|None|0.0|0.0|None|TOR|Tor network
52p62pouo5t7xs5ld5cr6mgrngoat7g43me47z4vox7juuohke3b7cqd.onion|8333|70016|/Satoshi:0.21.0/|1635096175|1037|706750|None|None|None|0.0|0.0|None|TOR|Tor network
52qv5geanfn7l34pb7kwdm37rgnpsyqmkljejfmabzsbzgwbbzvkvxyd.onion|8333|70016|/Satoshi:22.0.0/|1635189880|1037|0|None|None|None|0.0|0.0|None|TOR|Tor network
52t6erymieuytzw2vmulttoazl6bk73uvp4avgqikq5vyniu2cnbxuqd.onion|8333|70016|/Satoshi:22.0.0/|1635204463|1037|706746|None|None|None|0.0|0.0|None|TOR|Tor network
52zcnwqm5iwofbeuknst3bwbo44lm6m3aqy42rhmryalmlm3jvw25vyd.onion|8333|70016|/Satoshi:0.21.0/|1635111592|1037|706754|None|None|None|0.0|0.0|None|TOR|Tor network
532j5cqxtt44qzwlw6dc3jzv3gwosrzh32kmzfqtoh2offd3g53rqkyd.onion|8333|70016|/Satoshi:0.21.1/|1635112841|1037|706771|None|None|None|0.0|0.0|None|TOR|Tor network
536v65qje3snokpn.onion|8333|70015|/Satoshi:0.20.1/|1634990523|1037|706759|None|None|None|0.0|0.0|None|TOR|Tor network
53brc5jfcqvzbtx3vz5zibfz6imwzdjjfdrgnn35ytok6yvjigu7ntid.onion|8333|70016|/Satoshi:0.21.1/|1634117543|1037|706774|None|None|None|0.0|0.0|None|TOR|Tor network
53h7mge4guchpwzdeg5dlizuiadmbxfqumsjnzlzktdyk5uzn6vxk7ad.onion|8333|70016|/Satoshi:0.21.0/|1635232431|1037|706754|None|None|None|0.0|0.0|None|TOR|Tor network
53iqolq2gpfj4qyx546mefqqr4wmj6a5p7yghducbnbyg4gl2omm35id.onion|8333|70016|/Satoshi:0.21.0/|1635168333|1037|706770|None|None|None|0.0|0.0|None|TOR|Tor network
